This is pdfTeX, Version 3.14159265-2.6-1.40.21 (MiKTeX 20.11) (preloaded format=pdflatex 2020.11.7)  26 FEB 2021 22:48
entering extended mode
**./presentation.tex
(presentation.tex
LaTeX2e <2020-10-01> patch level 2
L3 programming layer <2020-10-27> xparse <2020-03-03>
(C:\Users\F1mKo\AppData\Roaming\MiKTeX\tex/latex/beamer\beamer.cls
Document Class: beamer 2020/07/22 v3.59 A class for typesetting presentations
(C:\Users\F1mKo\AppData\Roaming\MiKTeX\tex/latex/beamer\beamerbasemodes.sty
("D:\Program Files\Miktex 2.9\tex/latex/etoolbox\etoolbox.sty"
Package: etoolbox 2020/10/05 v2.5k e-TeX tools for LaTeX (JAW)
\etb@tempcnta=\count175
)
\beamer@tempbox=\box47
\beamer@tempcount=\count176
\c@beamerpauses=\count177

(C:\Users\F1mKo\AppData\Roaming\MiKTeX\tex/latex/beamer\beamerbasedecode.sty
\beamer@slideinframe=\count178
\beamer@minimum=\count179
\beamer@decode@box=\box48
)
\beamer@commentbox=\box49
\beamer@modecount=\count180
)
("D:\Program Files\Miktex 2.9\tex/generic/iftex\ifpdf.sty"
Package: ifpdf 2019/10/25 v3.4 ifpdf legacy package. Use iftex instead.

("D:\Program Files\Miktex 2.9\tex/generic/iftex\iftex.sty"
Package: iftex 2020/03/06 v1.0d TeX engine tests
))
\headdp=\dimen138
\footheight=\dimen139
\sidebarheight=\dimen140
\beamer@tempdim=\dimen141
\beamer@finalheight=\dimen142
\beamer@animht=\dimen143
\beamer@animdp=\dimen144
\beamer@animwd=\dimen145
\beamer@leftmargin=\dimen146
\beamer@rightmargin=\dimen147
\beamer@leftsidebar=\dimen148
\beamer@rightsidebar=\dimen149
\beamer@boxsize=\dimen150
\beamer@vboxoffset=\dimen151
\beamer@descdefault=\dimen152
\beamer@descriptionwidth=\dimen153
\beamer@lastskip=\skip47
\beamer@areabox=\box50
\beamer@animcurrent=\box51
\beamer@animshowbox=\box52
\beamer@sectionbox=\box53
\beamer@logobox=\box54
\beamer@linebox=\box55
\beamer@sectioncount=\count181
\beamer@subsubsectionmax=\count182
\beamer@subsectionmax=\count183
\beamer@sectionmax=\count184
\beamer@totalheads=\count185
\beamer@headcounter=\count186
\beamer@partstartpage=\count187
\beamer@sectionstartpage=\count188
\beamer@subsectionstartpage=\count189
\beamer@animationtempa=\count190
\beamer@animationtempb=\count191
\beamer@xpos=\count192
\beamer@ypos=\count193
\beamer@ypos@offset=\count194
\beamer@showpartnumber=\count195
\beamer@currentsubsection=\count196
\beamer@coveringdepth=\count197
\beamer@sectionadjust=\count198
\beamer@tocsectionnumber=\count199

(C:\Users\F1mKo\AppData\Roaming\MiKTeX\tex/latex/beamer\beamerbaseoptions.sty
("D:\Program Files\Miktex 2.9\tex/latex/graphics\keyval.sty"
Package: keyval 2014/10/28 v1.15 key=value parser (DPC)
\KV@toks@=\toks15
))
\beamer@paperwidth=\skip48
\beamer@paperheight=\skip49

(C:\Users\F1mKo\AppData\Roaming\MiKTeX\tex/latex/geometry\geometry.sty
Package: geometry 2020/01/02 v5.9 Page Geometry

("D:\Program Files\Miktex 2.9\tex/generic/iftex\ifvtex.sty"
Package: ifvtex 2019/10/25 v1.7 ifvtex legacy package. Use iftex instead.
)
\Gm@cnth=\count266
\Gm@cntv=\count267
\c@Gm@tempcnt=\count268
\Gm@bindingoffset=\dimen154
\Gm@wd@mp=\dimen155
\Gm@odd@mp=\dimen156
\Gm@even@mp=\dimen157
\Gm@layoutwidth=\dimen158
\Gm@layoutheight=\dimen159
\Gm@layouthoffset=\dimen160
\Gm@layoutvoffset=\dimen161
\Gm@dimlist=\toks16

(C:\Users\F1mKo\AppData\Roaming\MiKTeX\tex/latex/geometry\geometry.cfg))
("D:\Program Files\Miktex 2.9\tex/latex/base\size11.clo"
File: size11.clo 2020/04/10 v1.4m Standard LaTeX file (size option)
)
("D:\Program Files\Miktex 2.9\tex/latex/pgf/basiclayer\pgfcore.sty"
("D:\Program Files\Miktex 2.9\tex/latex/graphics\graphicx.sty"
Package: graphicx 2020/09/09 v1.2b Enhanced LaTeX Graphics (DPC,SPQR)

("D:\Program Files\Miktex 2.9\tex/latex/graphics\graphics.sty"
Package: graphics 2020/08/30 v1.4c Standard LaTeX Graphics (DPC,SPQR)

("D:\Program Files\Miktex 2.9\tex/latex/graphics\trig.sty"
Package: trig 2016/01/03 v1.10 sin cos tan (DPC)
)
("D:\Program Files\Miktex 2.9\tex/latex/graphics-cfg\graphics.cfg"
File: graphics.cfg 2016/06/04 v1.11 sample graphics configuration
)
Package graphics Info: Driver file: pdftex.def on input line 105.

("D:\Program Files\Miktex 2.9\tex/latex/graphics-def\pdftex.def"
File: pdftex.def 2020/10/05 v1.2a Graphics/color driver for pdftex
))
\Gin@req@height=\dimen162
\Gin@req@width=\dimen163
)
("D:\Program Files\Miktex 2.9\tex/latex/pgf/systemlayer\pgfsys.sty"
("D:\Program Files\Miktex 2.9\tex/latex/pgf/utilities\pgfrcs.sty"
("D:\Program Files\Miktex 2.9\tex/generic/pgf/utilities\pgfutil-common.tex"
\pgfutil@everybye=\toks17
\pgfutil@tempdima=\dimen164
\pgfutil@tempdimb=\dimen165

("D:\Program Files\Miktex 2.9\tex/generic/pgf/utilities\pgfutil-common-lists.te
x")) ("D:\Program Files\Miktex 2.9\tex/generic/pgf/utilities\pgfutil-latex.def"
\pgfutil@abb=\box56
) ("D:\Program Files\Miktex 2.9\tex/generic/pgf/utilities\pgfrcs.code.tex"
("D:\Program Files\Miktex 2.9\tex/generic/pgf\pgf.revision.tex")
Package: pgfrcs 2020/10/01 v3.1.6a (3.1.6a)
))
("D:\Program Files\Miktex 2.9\tex/generic/pgf/systemlayer\pgfsys.code.tex"
Package: pgfsys 2020/10/01 v3.1.6a (3.1.6a)

("D:\Program Files\Miktex 2.9\tex/generic/pgf/utilities\pgfkeys.code.tex"
\pgfkeys@pathtoks=\toks18
\pgfkeys@temptoks=\toks19

("D:\Program Files\Miktex 2.9\tex/generic/pgf/utilities\pgfkeysfiltered.code.te
x"
\pgfkeys@tmptoks=\toks20
))
\pgf@x=\dimen166
\pgf@y=\dimen167
\pgf@xa=\dimen168
\pgf@ya=\dimen169
\pgf@xb=\dimen170
\pgf@yb=\dimen171
\pgf@xc=\dimen172
\pgf@yc=\dimen173
\pgf@xd=\dimen174
\pgf@yd=\dimen175
\w@pgf@writea=\write3
\r@pgf@reada=\read2
\c@pgf@counta=\count269
\c@pgf@countb=\count270
\c@pgf@countc=\count271
\c@pgf@countd=\count272
\t@pgf@toka=\toks21
\t@pgf@tokb=\toks22
\t@pgf@tokc=\toks23
\pgf@sys@id@count=\count273
 ("D:\Program Files\Miktex 2.9\tex/generic/pgf/systemlayer\pgf.cfg"
File: pgf.cfg 2020/10/01 v3.1.6a (3.1.6a)
)
Driver file for pgf: pgfsys-pdftex.def

("D:\Program Files\Miktex 2.9\tex/generic/pgf/systemlayer\pgfsys-pdftex.def"
File: pgfsys-pdftex.def 2020/10/01 v3.1.6a (3.1.6a)

("D:\Program Files\Miktex 2.9\tex/generic/pgf/systemlayer\pgfsys-common-pdf.def
"
File: pgfsys-common-pdf.def 2020/10/01 v3.1.6a (3.1.6a)
)))
("D:\Program Files\Miktex 2.9\tex/generic/pgf/systemlayer\pgfsyssoftpath.code.t
ex"
File: pgfsyssoftpath.code.tex 2020/10/01 v3.1.6a (3.1.6a)
\pgfsyssoftpath@smallbuffer@items=\count274
\pgfsyssoftpath@bigbuffer@items=\count275
)
("D:\Program Files\Miktex 2.9\tex/generic/pgf/systemlayer\pgfsysprotocol.code.t
ex"
File: pgfsysprotocol.code.tex 2020/10/01 v3.1.6a (3.1.6a)
)) ("D:\Program Files\Miktex 2.9\tex/latex/xcolor\xcolor.sty"
Package: xcolor 2016/05/11 v2.12 LaTeX color extensions (UK)

("D:\Program Files\Miktex 2.9\tex/latex/graphics-cfg\color.cfg"
File: color.cfg 2016/01/02 v1.6 sample color configuration
)
Package xcolor Info: Driver file: pdftex.def on input line 225.

(C:\Users\F1mKo\AppData\Roaming\MiKTeX\tex/latex/colortbl\colortbl.sty
Package: colortbl 2020/01/04 v1.0e Color table columns (DPC)

("D:\Program Files\Miktex 2.9\tex/latex/tools\array.sty"
Package: array 2019/08/31 v2.4l Tabular extension package (FMi)
\col@sep=\dimen176
\ar@mcellbox=\box57
\extrarowheight=\dimen177
\NC@list=\toks24
\extratabsurround=\skip50
\backup@length=\skip51
\ar@cellbox=\box58
)
\everycr=\toks25
\minrowclearance=\skip52
)
\rownum=\count276
Package xcolor Info: Model `cmy' substituted by `cmy0' on input line 1348.
Package xcolor Info: Model `hsb' substituted by `rgb' on input line 1352.
Package xcolor Info: Model `RGB' extended on input line 1364.
Package xcolor Info: Model `HTML' substituted by `rgb' on input line 1366.
Package xcolor Info: Model `Hsb' substituted by `hsb' on input line 1367.
Package xcolor Info: Model `tHsb' substituted by `hsb' on input line 1368.
Package xcolor Info: Model `HSB' substituted by `hsb' on input line 1369.
Package xcolor Info: Model `Gray' substituted by `gray' on input line 1370.
Package xcolor Info: Model `wave' substituted by `hsb' on input line 1371.

("D:\Program Files\Miktex 2.9\tex/latex/graphics\dvipsnam.def"
File: dvipsnam.def 2016/06/17 v3.0m Driver-dependent file (DPC,SPQR)
)
("D:\Program Files\Miktex 2.9\tex/latex/xcolor\svgnam.def"
File: svgnam.def 2016/05/11 v2.12 Predefined colors according to SVG 1.1 (UK)
))
("D:\Program Files\Miktex 2.9\tex/generic/pgf/basiclayer\pgfcore.code.tex"
Package: pgfcore 2020/10/01 v3.1.6a (3.1.6a)

("D:\Program Files\Miktex 2.9\tex/generic/pgf/math\pgfmath.code.tex"
("D:\Program Files\Miktex 2.9\tex/generic/pgf/math\pgfmathcalc.code.tex"
("D:\Program Files\Miktex 2.9\tex/generic/pgf/math\pgfmathutil.code.tex")
("D:\Program Files\Miktex 2.9\tex/generic/pgf/math\pgfmathparser.code.tex"
\pgfmath@dimen=\dimen178
\pgfmath@count=\count277
\pgfmath@box=\box59
\pgfmath@toks=\toks26
\pgfmath@stack@operand=\toks27
\pgfmath@stack@operation=\toks28
)
("D:\Program Files\Miktex 2.9\tex/generic/pgf/math\pgfmathfunctions.code.tex"
("D:\Program Files\Miktex 2.9\tex/generic/pgf/math\pgfmathfunctions.basic.code.
tex")
("D:\Program Files\Miktex 2.9\tex/generic/pgf/math\pgfmathfunctions.trigonometr
ic.code.tex")
("D:\Program Files\Miktex 2.9\tex/generic/pgf/math\pgfmathfunctions.random.code
.tex")
("D:\Program Files\Miktex 2.9\tex/generic/pgf/math\pgfmathfunctions.comparison.
code.tex")
("D:\Program Files\Miktex 2.9\tex/generic/pgf/math\pgfmathfunctions.base.code.t
ex")
("D:\Program Files\Miktex 2.9\tex/generic/pgf/math\pgfmathfunctions.round.code.
tex")
("D:\Program Files\Miktex 2.9\tex/generic/pgf/math\pgfmathfunctions.misc.code.t
ex")
("D:\Program Files\Miktex 2.9\tex/generic/pgf/math\pgfmathfunctions.integerarit
hmetics.code.tex")))
("D:\Program Files\Miktex 2.9\tex/generic/pgf/math\pgfmathfloat.code.tex"
\c@pgfmathroundto@lastzeros=\count278
))
("D:\Program Files\Miktex 2.9\tex/generic/pgf/math\pgfint.code.tex")
("D:\Program Files\Miktex 2.9\tex/generic/pgf/basiclayer\pgfcorepoints.code.tex
"
File: pgfcorepoints.code.tex 2020/10/01 v3.1.6a (3.1.6a)
\pgf@picminx=\dimen179
\pgf@picmaxx=\dimen180
\pgf@picminy=\dimen181
\pgf@picmaxy=\dimen182
\pgf@pathminx=\dimen183
\pgf@pathmaxx=\dimen184
\pgf@pathminy=\dimen185
\pgf@pathmaxy=\dimen186
\pgf@xx=\dimen187
\pgf@xy=\dimen188
\pgf@yx=\dimen189
\pgf@yy=\dimen190
\pgf@zx=\dimen191
\pgf@zy=\dimen192
)
("D:\Program Files\Miktex 2.9\tex/generic/pgf/basiclayer\pgfcorepathconstruct.c
ode.tex"
File: pgfcorepathconstruct.code.tex 2020/10/01 v3.1.6a (3.1.6a)
\pgf@path@lastx=\dimen193
\pgf@path@lasty=\dimen194
)
("D:\Program Files\Miktex 2.9\tex/generic/pgf/basiclayer\pgfcorepathusage.code.
tex"
File: pgfcorepathusage.code.tex 2020/10/01 v3.1.6a (3.1.6a)
\pgf@shorten@end@additional=\dimen195
\pgf@shorten@start@additional=\dimen196
)
("D:\Program Files\Miktex 2.9\tex/generic/pgf/basiclayer\pgfcorescopes.code.tex
"
File: pgfcorescopes.code.tex 2020/10/01 v3.1.6a (3.1.6a)
\pgfpic=\box60
\pgf@hbox=\box61
\pgf@layerbox@main=\box62
\pgf@picture@serial@count=\count279
)
("D:\Program Files\Miktex 2.9\tex/generic/pgf/basiclayer\pgfcoregraphicstate.co
de.tex"
File: pgfcoregraphicstate.code.tex 2020/10/01 v3.1.6a (3.1.6a)
\pgflinewidth=\dimen197
)
("D:\Program Files\Miktex 2.9\tex/generic/pgf/basiclayer\pgfcoretransformations
.code.tex"
File: pgfcoretransformations.code.tex 2020/10/01 v3.1.6a (3.1.6a)
\pgf@pt@x=\dimen198
\pgf@pt@y=\dimen199
\pgf@pt@temp=\dimen256
)
("D:\Program Files\Miktex 2.9\tex/generic/pgf/basiclayer\pgfcorequick.code.tex"
File: pgfcorequick.code.tex 2020/10/01 v3.1.6a (3.1.6a)
)
("D:\Program Files\Miktex 2.9\tex/generic/pgf/basiclayer\pgfcoreobjects.code.te
x"
File: pgfcoreobjects.code.tex 2020/10/01 v3.1.6a (3.1.6a)
)
("D:\Program Files\Miktex 2.9\tex/generic/pgf/basiclayer\pgfcorepathprocessing.
code.tex"
File: pgfcorepathprocessing.code.tex 2020/10/01 v3.1.6a (3.1.6a)
)
("D:\Program Files\Miktex 2.9\tex/generic/pgf/basiclayer\pgfcorearrows.code.tex
"
File: pgfcorearrows.code.tex 2020/10/01 v3.1.6a (3.1.6a)
\pgfarrowsep=\dimen257
)
("D:\Program Files\Miktex 2.9\tex/generic/pgf/basiclayer\pgfcoreshade.code.tex"
File: pgfcoreshade.code.tex 2020/10/01 v3.1.6a (3.1.6a)
\pgf@max=\dimen258
\pgf@sys@shading@range@num=\count280
\pgf@shadingcount=\count281
) ("D:\Program Files\Miktex 2.9\tex/generic/pgf/basiclayer\pgfcoreimage.code.te
x"
File: pgfcoreimage.code.tex 2020/10/01 v3.1.6a (3.1.6a)

("D:\Program Files\Miktex 2.9\tex/generic/pgf/basiclayer\pgfcoreexternal.code.t
ex"
File: pgfcoreexternal.code.tex 2020/10/01 v3.1.6a (3.1.6a)
\pgfexternal@startupbox=\box63
))
("D:\Program Files\Miktex 2.9\tex/generic/pgf/basiclayer\pgfcorelayers.code.tex
"
File: pgfcorelayers.code.tex 2020/10/01 v3.1.6a (3.1.6a)
)
("D:\Program Files\Miktex 2.9\tex/generic/pgf/basiclayer\pgfcoretransparency.co
de.tex"
File: pgfcoretransparency.code.tex 2020/10/01 v3.1.6a (3.1.6a)
)
("D:\Program Files\Miktex 2.9\tex/generic/pgf/basiclayer\pgfcorepatterns.code.t
ex"
File: pgfcorepatterns.code.tex 2020/10/01 v3.1.6a (3.1.6a)
)
("D:\Program Files\Miktex 2.9\tex/generic/pgf/basiclayer\pgfcorerdf.code.tex"
File: pgfcorerdf.code.tex 2020/10/01 v3.1.6a (3.1.6a)
))) ("D:\Program Files\Miktex 2.9\tex/latex/pgf/utilities\xxcolor.sty"
Package: xxcolor 2003/10/24 ver 0.1
\XC@nummixins=\count282
\XC@countmixins=\count283
)
("D:\Program Files\Miktex 2.9\tex/latex/base\atbegshi-ltx.sty"
Package: atbegshi-ltx 2020/08/17 v1.0a Emulation of the original atbegshi packa
ge
with kernel methods
)
("D:\Program Files\Miktex 2.9\tex/latex/hyperref\hyperref.sty"
Package: hyperref 2020-05-15 v7.00e Hypertext links for LaTeX

(C:\Users\F1mKo\AppData\Roaming\MiKTeX\tex/generic/ltxcmds\ltxcmds.sty
Package: ltxcmds 2020-05-10 v1.25 LaTeX kernel commands for general use (HO)
)
("D:\Program Files\Miktex 2.9\tex/generic/pdftexcmds\pdftexcmds.sty"
Package: pdftexcmds 2020-06-27 v0.33 Utility functions of pdfTeX for LuaTeX (HO
)

(C:\Users\F1mKo\AppData\Roaming\MiKTeX\tex/generic/infwarerr\infwarerr.sty
Package: infwarerr 2019/12/03 v1.5 Providing info/warning/error messages (HO)
)
Package pdftexcmds Info: \pdf@primitive is available.
Package pdftexcmds Info: \pdf@ifprimitive is available.
Package pdftexcmds Info: \pdfdraftmode found.
)
(C:\Users\F1mKo\AppData\Roaming\MiKTeX\tex/generic/kvsetkeys\kvsetkeys.sty
Package: kvsetkeys 2019/12/15 v1.18 Key value parser (HO)
)
(C:\Users\F1mKo\AppData\Roaming\MiKTeX\tex/generic/kvdefinekeys\kvdefinekeys.st
y
Package: kvdefinekeys 2019-12-19 v1.6 Define keys (HO)
) (C:\Users\F1mKo\AppData\Roaming\MiKTeX\tex/generic/pdfescape\pdfescape.sty
Package: pdfescape 2019/12/09 v1.15 Implements pdfTeX's escape features (HO)
)
(C:\Users\F1mKo\AppData\Roaming\MiKTeX\tex/latex/hycolor\hycolor.sty
Package: hycolor 2020-01-27 v1.10 Color options for hyperref/bookmark (HO)
)
(C:\Users\F1mKo\AppData\Roaming\MiKTeX\tex/latex/letltxmacro\letltxmacro.sty
Package: letltxmacro 2019/12/03 v1.6 Let assignment for LaTeX macros (HO)
)
(C:\Users\F1mKo\AppData\Roaming\MiKTeX\tex/latex/auxhook\auxhook.sty
Package: auxhook 2019-12-17 v1.6 Hooks for auxiliary files (HO)
)
(C:\Users\F1mKo\AppData\Roaming\MiKTeX\tex/latex/kvoptions\kvoptions.sty
Package: kvoptions 2019/11/29 v3.13 Key value format for package options (HO)
)
\@linkdim=\dimen259
\Hy@linkcounter=\count284
\Hy@pagecounter=\count285

("D:\Program Files\Miktex 2.9\tex/latex/hyperref\pd1enc.def"
File: pd1enc.def 2020-05-15 v7.00e Hyperref: PDFDocEncoding definition (HO)
Now handling font encoding PD1 ...
... no UTF-8 mapping file for font encoding PD1
)
(C:\Users\F1mKo\AppData\Roaming\MiKTeX\tex/generic/intcalc\intcalc.sty
Package: intcalc 2019/12/15 v1.3 Expandable calculations with integers (HO)
)
(C:\Users\F1mKo\AppData\Roaming\MiKTeX\tex/generic/etexcmds\etexcmds.sty
Package: etexcmds 2019/12/15 v1.7 Avoid name clashes with e-TeX commands (HO)
)
\Hy@SavedSpaceFactor=\count286
Package hyperref Info: Option `bookmarks' set `true' on input line 4338.
Package hyperref Info: Option `bookmarksopen' set `true' on input line 4338.
Package hyperref Info: Option `implicit' set `false' on input line 4338.
Package hyperref Info: Hyper figures OFF on input line 4464.
Package hyperref Info: Link nesting OFF on input line 4469.
Package hyperref Info: Hyper index ON on input line 4472.
Package hyperref Info: Plain pages OFF on input line 4479.
Package hyperref Info: Backreferencing OFF on input line 4484.
Package hyperref Info: Implicit mode OFF; no redefinition of LaTeX internals.
Package hyperref Info: Bookmarks ON on input line 4717.
\c@Hy@tempcnt=\count287

("D:\Program Files\Miktex 2.9\tex/latex/url\url.sty"
\Urlmuskip=\muskip16
Package: url 2013/09/16  ver 3.4  Verb mode for urls, etc.
)
LaTeX Info: Redefining \url on input line 5076.
\XeTeXLinkMargin=\dimen260

(C:\Users\F1mKo\AppData\Roaming\MiKTeX\tex/generic/bitset\bitset.sty
Package: bitset 2019/12/09 v1.3 Handle bit-vector datatype (HO)

(C:\Users\F1mKo\AppData\Roaming\MiKTeX\tex/generic/bigintcalc\bigintcalc.sty
Package: bigintcalc 2019/12/15 v1.5 Expandable calculations on big integers (HO
)
))
\Fld@menulength=\count288
\Field@Width=\dimen261
\Fld@charsize=\dimen262
Package hyperref Info: Hyper figures OFF on input line 6347.
Package hyperref Info: Link nesting OFF on input line 6352.
Package hyperref Info: Hyper index ON on input line 6355.
Package hyperref Info: backreferencing OFF on input line 6362.
Package hyperref Info: Link coloring OFF on input line 6367.
Package hyperref Info: Link coloring with OCG OFF on input line 6372.
Package hyperref Info: PDF/A mode OFF on input line 6377.
LaTeX Info: Redefining \ref on input line 6417.
LaTeX Info: Redefining \pageref on input line 6421.
\Hy@abspage=\count289


Package hyperref Message: Stopped early.

)
Package hyperref Info: Driver (autodetected): hpdftex.
 ("D:\Program Files\Miktex 2.9\tex/latex/hyperref\hpdftex.def"
File: hpdftex.def 2020-05-15 v7.00e Hyperref driver for pdfTeX

("D:\Program Files\Miktex 2.9\tex/latex/base\atveryend-ltx.sty"
Package: atveryend-ltx 2020/08/19 v1.0a Emulation of the original atvery packag
e
with kernel methods
)
\Fld@listcount=\count290
\c@bookmark@seq@number=\count291

(C:\Users\F1mKo\AppData\Roaming\MiKTeX\tex/latex/rerunfilecheck\rerunfilecheck.
sty
Package: rerunfilecheck 2019/12/05 v1.9 Rerun checks for auxiliary files (HO)

(C:\Users\F1mKo\AppData\Roaming\MiKTeX\tex/generic/uniquecounter\uniquecounter.
sty
Package: uniquecounter 2019/12/15 v1.4 Provide unlimited unique counter (HO)
)
Package uniquecounter Info: New unique counter `rerunfilecheck' on input line 2
86.
))
(C:\Users\F1mKo\AppData\Roaming\MiKTeX\tex/latex/beamer\beamerbaserequires.sty
(C:\Users\F1mKo\AppData\Roaming\MiKTeX\tex/latex/beamer\beamerbasecompatibility
.sty)
(C:\Users\F1mKo\AppData\Roaming\MiKTeX\tex/latex/beamer\beamerbasefont.sty
("D:\Program Files\Miktex 2.9\tex/latex/amsfonts\amssymb.sty"
Package: amssymb 2013/01/14 v3.01 AMS font symbols

("D:\Program Files\Miktex 2.9\tex/latex/amsfonts\amsfonts.sty"
Package: amsfonts 2013/01/14 v3.01 Basic AMSFonts support
\@emptytoks=\toks29
\symAMSa=\mathgroup4
\symAMSb=\mathgroup5
LaTeX Font Info:    Redeclaring math symbol \hbar on input line 98.
LaTeX Font Info:    Overwriting math alphabet `\mathfrak' in version `bold'
(Font)                  U/euf/m/n --> U/euf/b/n on input line 106.
))
(C:\Users\F1mKo\AppData\Roaming\MiKTeX\tex/latex/sansmathaccent\sansmathaccent.
sty
Package: sansmathaccent 2020/01/31
 (C:\Users\F1mKo\AppData\Roaming\MiKTeX\tex/latex/koma-script\scrlfile.sty
Package: scrlfile 2020/09/21 v3.32 KOMA-Script package (file load hooks)

(C:\Users\F1mKo\AppData\Roaming\MiKTeX\tex/latex/koma-script\scrlfile-hook.sty
Package: scrlfile-hook 2020/09/21 v3.32 KOMA-Script package (using LaTeX hooks)


LaTeX3 Info: Defining command \BeforeFile with sig. 'm' on line 61.


LaTeX3 Info: Defining command \AfterFile with sig. 'm' on line 65.


LaTeX3 Info: Defining command \BeforeClass with sig. 'm' on line 69.


LaTeX3 Info: Defining command \BeforePackage with sig. 'm' on line 73.


LaTeX3 Info: Defining command \AfterAtEndOfClass with sig. 'smo+m' on line 83.


LaTeX3 Info: Defining command \AfterAtEndOfPackage with sig. 'smo+m' on line
(LaTeX3)     93.


LaTeX3 Info: Defining command \scrlfile@AfterClass with sig. 'smo+m' on line
(LaTeX3)     173.


LaTeX3 Info: Defining command \AfterClass with sig. '' on line 174.


LaTeX3 Info: Defining command \scrlfile@AfterPackage with sig. 'smo+m' on line
(LaTeX3)     191.


LaTeX3 Info: Defining command \AfterPackage with sig. '' on line 192.


LaTeX3 Info: Defining command \ReplaceInput with sig. '' on line 193.


LaTeX3 Info: Defining command \ReplaceClass with sig. 'mm' on line 196.


LaTeX3 Info: Defining command \ReplacePackage with sig. 'mm' on line 199.


LaTeX3 Info: Defining command \UnReplaceInput with sig. '' on line 200.


LaTeX3 Info: Defining command \UnReplaceClass with sig. 'm' on line 203.


LaTeX3 Info: Defining command \UnReplacePackage with sig. 'mm' on line 206.


LaTeX3 Info: Defining command \PreventPackageFromLoading with sig. 's+om' on
(LaTeX3)     line 234.


LaTeX3 Info: Defining command \StorePreventPackageFromLoading with sig. 'm' on
(LaTeX3)     line 242.


LaTeX3 Info: Defining command \ResetPreventPackageFromLoading with sig. '' on
(LaTeX3)     line 247.


LaTeX3 Info: Defining command \UnPreventPackageFromLoading with sig. 'sm' on
(LaTeX3)     line 261.


LaTeX3 Info: Defining command \BeforeClosingMainAux with sig. 'om' on line
(LaTeX3)     274.


LaTeX3 Info: Defining command \AfterReadingMainAux with sig. 'om' on line 287.


LaTeX3 Info: Defining command \protected@immediate@write with sig. 'm+m+m' on
(LaTeX3)     line 298.


(C:\Users\F1mKo\AppData\Roaming\MiKTeX\tex/latex/koma-script\scrlogo.sty
Package: scrlogo 2020/09/21 v3.32 KOMA-Script package (logo)
)))))
(C:\Users\F1mKo\AppData\Roaming\MiKTeX\tex/latex/beamer\beamerbasetranslator.st
y (C:\Users\F1mKo\AppData\Roaming\MiKTeX\tex/latex/translator\translator.sty
Package: translator 2020-08-03 v1.12c Easy translation of strings in LaTeX
))
(C:\Users\F1mKo\AppData\Roaming\MiKTeX\tex/latex/beamer\beamerbasemisc.sty)
(C:\Users\F1mKo\AppData\Roaming\MiKTeX\tex/latex/beamer\beamerbasetwoscreens.st
y)
(C:\Users\F1mKo\AppData\Roaming\MiKTeX\tex/latex/beamer\beamerbaseoverlay.sty
\beamer@argscount=\count292
\beamer@lastskipcover=\skip53
\beamer@trivlistdepth=\count293
)
(C:\Users\F1mKo\AppData\Roaming\MiKTeX\tex/latex/beamer\beamerbasetitle.sty)
(C:\Users\F1mKo\AppData\Roaming\MiKTeX\tex/latex/beamer\beamerbasesection.sty
\c@lecture=\count294
\c@part=\count295
\c@section=\count296
\c@subsection=\count297
\c@subsubsection=\count298
)
(C:\Users\F1mKo\AppData\Roaming\MiKTeX\tex/latex/beamer\beamerbaseframe.sty
\beamer@framebox=\box64
\beamer@frametitlebox=\box65
\beamer@zoombox=\box66
\beamer@zoomcount=\count299
\beamer@zoomframecount=\count300
\beamer@frametextheight=\dimen263
\c@subsectionslide=\count301
\beamer@frametopskip=\skip54
\beamer@framebottomskip=\skip55
\beamer@frametopskipautobreak=\skip56
\beamer@framebottomskipautobreak=\skip57
\beamer@envbody=\toks30
\framewidth=\dimen264
\c@framenumber=\count302
)
(C:\Users\F1mKo\AppData\Roaming\MiKTeX\tex/latex/beamer\beamerbaseverbatim.sty
\beamer@verbatimfileout=\write4
)
(C:\Users\F1mKo\AppData\Roaming\MiKTeX\tex/latex/beamer\beamerbaseframesize.sty
\beamer@splitbox=\box67
\beamer@autobreakcount=\count303
\beamer@autobreaklastheight=\dimen265
\beamer@frametitletoks=\toks31
\beamer@framesubtitletoks=\toks32
)
(C:\Users\F1mKo\AppData\Roaming\MiKTeX\tex/latex/beamer\beamerbaseframecomponen
ts.sty
\beamer@footins=\box68
)
(C:\Users\F1mKo\AppData\Roaming\MiKTeX\tex/latex/beamer\beamerbasecolor.sty)
(C:\Users\F1mKo\AppData\Roaming\MiKTeX\tex/latex/beamer\beamerbasenotes.sty
\beamer@frameboxcopy=\box69
)
(C:\Users\F1mKo\AppData\Roaming\MiKTeX\tex/latex/beamer\beamerbasetoc.sty)
(C:\Users\F1mKo\AppData\Roaming\MiKTeX\tex/latex/beamer\beamerbasetemplates.sty
\beamer@sbttoks=\toks33

(C:\Users\F1mKo\AppData\Roaming\MiKTeX\tex/latex/beamer\beamerbaseauxtemplates.
sty (C:\Users\F1mKo\AppData\Roaming\MiKTeX\tex/latex/beamer\beamerbaseboxes.sty
\bmb@box=\box70
\bmb@colorbox=\box71
\bmb@boxshadow=\box72
\bmb@boxshadowball=\box73
\bmb@boxshadowballlarge=\box74
\bmb@temp=\dimen266
\bmb@dima=\dimen267
\bmb@dimb=\dimen268
\bmb@prevheight=\dimen269
)
\beamer@blockheadheight=\dimen270
))
(C:\Users\F1mKo\AppData\Roaming\MiKTeX\tex/latex/beamer\beamerbaselocalstructur
e.sty ("D:\Program Files\Miktex 2.9\tex/latex/tools\enumerate.sty"
Package: enumerate 2015/07/23 v3.00 enumerate extensions (DPC)
\@enLab=\toks34
)
\c@figure=\count304
\c@table=\count305
\abovecaptionskip=\skip58
\belowcaptionskip=\skip59
)
(C:\Users\F1mKo\AppData\Roaming\MiKTeX\tex/latex/beamer\beamerbasenavigation.st
y
\beamer@section@min@dim=\dimen271
)
(C:\Users\F1mKo\AppData\Roaming\MiKTeX\tex/latex/beamer\beamerbasetheorems.sty
("D:\Program Files\Miktex 2.9\tex/latex/amsmath\amsmath.sty"
Package: amsmath 2020/09/23 v2.17i AMS math features
\@mathmargin=\skip60

For additional information on amsmath, use the `?' option.
("D:\Program Files\Miktex 2.9\tex/latex/amsmath\amstext.sty"
Package: amstext 2000/06/29 v2.01 AMS text

("D:\Program Files\Miktex 2.9\tex/latex/amsmath\amsgen.sty"
File: amsgen.sty 1999/11/30 v2.0 generic functions
\@emptytoks=\toks35
\ex@=\dimen272
))
("D:\Program Files\Miktex 2.9\tex/latex/amsmath\amsbsy.sty"
Package: amsbsy 1999/11/29 v1.2d Bold Symbols
\pmbraise@=\dimen273
)
("D:\Program Files\Miktex 2.9\tex/latex/amsmath\amsopn.sty"
Package: amsopn 2016/03/08 v2.02 operator names
)
\inf@bad=\count306
LaTeX Info: Redefining \frac on input line 234.
\uproot@=\count307
\leftroot@=\count308
LaTeX Info: Redefining \overline on input line 399.
\classnum@=\count309
\DOTSCASE@=\count310
LaTeX Info: Redefining \ldots on input line 496.
LaTeX Info: Redefining \dots on input line 499.
LaTeX Info: Redefining \cdots on input line 620.
\Mathstrutbox@=\box75
\strutbox@=\box76
\big@size=\dimen274
LaTeX Font Info:    Redeclaring font encoding OML on input line 743.
LaTeX Font Info:    Redeclaring font encoding OMS on input line 744.
\macc@depth=\count311
\c@MaxMatrixCols=\count312
\dotsspace@=\muskip17
\c@parentequation=\count313
\dspbrk@lvl=\count314
\tag@help=\toks36
\row@=\count315
\column@=\count316
\maxfields@=\count317
\andhelp@=\toks37
\eqnshift@=\dimen275
\alignsep@=\dimen276
\tagshift@=\dimen277
\tagwidth@=\dimen278
\totwidth@=\dimen279
\lineht@=\dimen280
\@envbody=\toks38
\multlinegap=\skip61
\multlinetaggap=\skip62
\mathdisplay@stack=\toks39
LaTeX Info: Redefining \[ on input line 2923.
LaTeX Info: Redefining \] on input line 2924.
)
(C:\Users\F1mKo\AppData\Roaming\MiKTeX\tex/latex/amscls\amsthm.sty
Package: amsthm 2020/05/29 v2.20.6
\thm@style=\toks40
\thm@bodyfont=\toks41
\thm@headfont=\toks42
\thm@notefont=\toks43
\thm@headpunct=\toks44
\thm@preskip=\skip63
\thm@postskip=\skip64
\thm@headsep=\skip65
\dth@everypar=\toks45
)
\c@theorem=\count318
)
(C:\Users\F1mKo\AppData\Roaming\MiKTeX\tex/latex/beamer\beamerbasethemes.sty))
(C:\Users\F1mKo\AppData\Roaming\MiKTeX\tex/latex/beamer\beamerthemedefault.sty
(C:\Users\F1mKo\AppData\Roaming\MiKTeX\tex/latex/beamer\beamerfontthemedefault.
sty)
(C:\Users\F1mKo\AppData\Roaming\MiKTeX\tex/latex/beamer\beamercolorthemedefault
.sty)
(C:\Users\F1mKo\AppData\Roaming\MiKTeX\tex/latex/beamer\beamerinnerthemedefault
.sty
\beamer@dima=\dimen281
\beamer@dimb=\dimen282
)
(C:\Users\F1mKo\AppData\Roaming\MiKTeX\tex/latex/beamer\beamerouterthemedefault
.sty))) (setup/setup.tex
\c@draft=\count319
\c@showmarkup=\count320
\c@usealtfont=\count321
\c@fontfamily=\count322
\c@bibliosel=\count323
\c@mediadisplay=\count324
\c@imgprecompile=\count325
) (setup/packages.tex
(C:\Users\F1mKo\AppData\Roaming\MiKTeX\tex/latex/comment\comment.sty
\CommentStream=\write5

Excluding comment 'comment')
("D:\Program Files\Miktex 2.9\tex/latex/amsmath\amscd.sty"
Package: amscd 2017/04/14 v2.1 AMS Commutative Diagrams
\athelp@=\toks46
\minaw@=\dimen283
\bigaw@=\dimen284
\minCDarrowwidth=\dimen285
)
(C:\Users\F1mKo\AppData\Roaming\MiKTeX\tex/latex/mathtools\mathtools.sty
Package: mathtools 2020/03/24 v1.24 mathematical typesetting tools

("D:\Program Files\Miktex 2.9\tex/latex/tools\calc.sty"
Package: calc 2017/05/25 v4.3 Infix arithmetic (KKT,FJ)
\calc@Acount=\count326
\calc@Bcount=\count327
\calc@Adimen=\dimen286
\calc@Bdimen=\dimen287
\calc@Askip=\skip66
\calc@Bskip=\skip67
LaTeX Info: Redefining \setlength on input line 80.
LaTeX Info: Redefining \addtolength on input line 81.
\calc@Ccount=\count328
\calc@Cskip=\skip68
)
(C:\Users\F1mKo\AppData\Roaming\MiKTeX\tex/latex/mathtools\mhsetup.sty
Package: mhsetup 2017/03/31 v1.3 programming setup (MH)
)
LaTeX Info: Thecontrolsequence`\('isalreadyrobust on input line 130.
LaTeX Info: Thecontrolsequence`\)'isalreadyrobust on input line 130.
LaTeX Info: Thecontrolsequence`\['isalreadyrobust on input line 130.
LaTeX Info: Thecontrolsequence`\]'isalreadyrobust on input line 130.
\g_MT_multlinerow_int=\count329
\l_MT_multwidth_dim=\dimen288
\origjot=\skip69
\l_MT_shortvdotswithinadjustabove_dim=\dimen289
\l_MT_shortvdotswithinadjustbelow_dim=\dimen290
\l_MT_above_intertext_sep=\dimen291
\l_MT_below_intertext_sep=\dimen292
\l_MT_above_shortintertext_sep=\dimen293
\l_MT_below_shortintertext_sep=\dimen294
\xmathstrut@box=\box77
\xmathstrut@dim=\dimen295
)
("D:\Program Files\Miktex 2.9\tex/latex/l3packages/xfrac\xfrac.sty"
("D:\Program Files\Miktex 2.9\tex/latex/l3kernel\expl3.sty"
Package: expl3 2020-10-27 L3 programming layer (loader) 

("D:\Program Files\Miktex 2.9\tex/latex/l3backend\l3backend-pdftex.def"
File: l3backend-pdftex.def 2020-09-24 L3 backend support: PDF output (pdfTeX)
\l__kernel_color_stack_int=\count330
\l__pdf_internal_box=\box78
))
("D:\Program Files\Miktex 2.9\tex/latex/l3packages/l3keys2e\l3keys2e.sty"
Package: l3keys2e 2020-10-27 LaTeX2e option processing using LaTeX3 keys
)
("D:\Program Files\Miktex 2.9\tex/latex/base\textcomp.sty"
Package: textcomp 2020/02/02 v2.0n Standard LaTeX package
)
("D:\Program Files\Miktex 2.9\tex/latex/l3packages/xparse\xparse.sty"
Package: xparse 2020-10-27 L3 Experimental document command parser

("D:\Program Files\Miktex 2.9\tex/latex/l3packages/xparse\xparse-generic.tex"))
("D:\Program Files\Miktex 2.9\tex/latex/l3packages/xtemplate\xtemplate.sty"
Package: xtemplate 2020-10-27 L3 Experimental prototype document functions
\l__xtemplate_tmp_dim=\dimen296
\l__xtemplate_tmp_int=\count331
\l__xtemplate_tmp_muskip=\muskip18
\l__xtemplate_tmp_skip=\skip70
)
Package: xfrac 2020-10-27 L3 Experimental split-level fractions
\l__xfrac_slash_box=\box79
\l__xfrac_tmp_box=\box80
\l__xfrac_denominator_bot_sep_dim=\dimen297
\l__xfrac_numerator_bot_sep_dim=\dimen298
\l__xfrac_numerator_top_sep_dim=\dimen299
\l__xfrac_slash_left_sep_dim=\dimen300
\l__xfrac_slash_right_sep_dim=\dimen301
\l__xfrac_slash_left_muskip=\muskip19
\l__xfrac_slash_right_muskip=\muskip20

Package xtemplate Info: Declaring object type 'xfrac' taking 3 argument(s) on
(xtemplate)             line 80.

)
(C:\Users\F1mKo\AppData\Roaming\MiKTeX\tex/latex/siunitx\siunitx.sty
Package: siunitx 2020/02/25 v2.8b A comprehensive (SI) units package
\l__siunitx_tmp_box=\box81
\l__siunitx_tmp_dim=\dimen302
\l__siunitx_tmp_int=\count332
\l__siunitx_number_mantissa_length_int=\count333
\l__siunitx_number_uncert_length_int=\count334
\l__siunitx_round_int=\count335
\l__siunitx_process_decimal_int=\count336
\l__siunitx_process_uncertainty_int=\count337
\l__siunitx_process_fixed_int=\count338
\l__siunitx_process_integer_min_int=\count339
\l__siunitx_process_precision_int=\count340
\l__siunitx_group_min_int=\count341
\l__siunitx_angle_marker_box=\box82
\l__siunitx_angle_unit_box=\box83
\l__siunitx_angle_marker_dim=\dimen303
\l__siunitx_angle_unit_dim=\dimen304
\l__siunitx_unit_int=\count342
\l__siunitx_unit_denominator_int=\count343
\l__siunitx_unit_numerator_int=\count344
\l__siunitx_unit_prefix_int=\count345
\l__siunitx_unit_prefix_base_int=\count346
\l__siunitx_unit_prefix_gram_int=\count347
\l__siunitx_number_product_int=\count348
\c__siunitx_one_fill_skip=\skip71
\l__siunitx_table_unit_align_skip=\skip72
\l__siunitx_table_exponent_dim=\dimen305
\l__siunitx_table_integer_dim=\dimen306
\l__siunitx_table_mantissa_dim=\dimen307
\l__siunitx_table_marker_dim=\dimen308
\l__siunitx_table_result_dim=\dimen309
\l__siunitx_table_uncert_dim=\dimen310
\l__siunitx_table_fill_pre_dim=\dimen311
\l__siunitx_table_fill_post_dim=\dimen312
\l__siunitx_table_fill_mid_dim=\dimen313
\l__siunitx_table_pre_box=\box84
\l__siunitx_table_post_box=\box85
\l__siunitx_table_mantissa_box=\box86
\l__siunitx_table_result_box=\box87
\l__siunitx_table_number_align_skip=\skip73
\l__siunitx_table_text_align_skip=\skip74

(siunitx.cfg
File: siunitx.cfg 
))
subequations patched
\curtextsize=\skip75
\bigtextsize=\skip76
("D:\Program Files\Miktex 2.9\tex/generic/pdftex\glyphtounicode.tex")
(C:\Users\F1mKo\AppData\Roaming\MiKTeX\tex/latex/pdfx\glyphtounicode-cmr.tex)
(C:\Users\F1mKo\AppData\Roaming\MiKTeX\tex/latex/cmap\cmap.sty
Package: cmap 2008/03/06 v1.0h CMap support: searchable PDF
)
("D:\Program Files\Miktex 2.9\tex/latex/base\fontenc.sty"
Package: fontenc 2020/08/10 v2.0s Standard LaTeX package

(C:\Users\F1mKo\AppData\Roaming\MiKTeX\tex/latex/cyrillic\t2aenc.def
File: t2aenc.def 2005/09/27 v1.0i Cyrillic encoding definition file
Now handling font encoding T2A ...
... processing UTF-8 mapping file for font encoding T2A

("D:\Program Files\Miktex 2.9\tex/latex/base\t2aenc.dfu"
File: t2aenc.dfu 2019/11/14 v1.2k UTF-8 support for inputenc
   defining Unicode char U+00A4 (decimal 164)
   defining Unicode char U+00A7 (decimal 167)
   defining Unicode char U+00AB (decimal 171)
   defining Unicode char U+00BB (decimal 187)
   defining Unicode char U+0131 (decimal 305)
   defining Unicode char U+0237 (decimal 567)
   defining Unicode char U+0400 (decimal 1024)
   defining Unicode char U+0401 (decimal 1025)
   defining Unicode char U+0402 (decimal 1026)
   defining Unicode char U+0403 (decimal 1027)
   defining Unicode char U+0404 (decimal 1028)
   defining Unicode char U+0405 (decimal 1029)
   defining Unicode char U+0406 (decimal 1030)
   defining Unicode char U+0407 (decimal 1031)
   defining Unicode char U+0408 (decimal 1032)
   defining Unicode char U+0409 (decimal 1033)
   defining Unicode char U+040A (decimal 1034)
   defining Unicode char U+040B (decimal 1035)
   defining Unicode char U+040C (decimal 1036)
   defining Unicode char U+040D (decimal 1037)
   defining Unicode char U+040E (decimal 1038)
   defining Unicode char U+040F (decimal 1039)
   defining Unicode char U+0410 (decimal 1040)
   defining Unicode char U+0411 (decimal 1041)
   defining Unicode char U+0412 (decimal 1042)
   defining Unicode char U+0413 (decimal 1043)
   defining Unicode char U+0414 (decimal 1044)
   defining Unicode char U+0415 (decimal 1045)
   defining Unicode char U+0416 (decimal 1046)
   defining Unicode char U+0417 (decimal 1047)
   defining Unicode char U+0418 (decimal 1048)
   defining Unicode char U+0419 (decimal 1049)
   defining Unicode char U+041A (decimal 1050)
   defining Unicode char U+041B (decimal 1051)
   defining Unicode char U+041C (decimal 1052)
   defining Unicode char U+041D (decimal 1053)
   defining Unicode char U+041E (decimal 1054)
   defining Unicode char U+041F (decimal 1055)
   defining Unicode char U+0420 (decimal 1056)
   defining Unicode char U+0421 (decimal 1057)
   defining Unicode char U+0422 (decimal 1058)
   defining Unicode char U+0423 (decimal 1059)
   defining Unicode char U+0424 (decimal 1060)
   defining Unicode char U+0425 (decimal 1061)
   defining Unicode char U+0426 (decimal 1062)
   defining Unicode char U+0427 (decimal 1063)
   defining Unicode char U+0428 (decimal 1064)
   defining Unicode char U+0429 (decimal 1065)
   defining Unicode char U+042A (decimal 1066)
   defining Unicode char U+042B (decimal 1067)
   defining Unicode char U+042C (decimal 1068)
   defining Unicode char U+042D (decimal 1069)
   defining Unicode char U+042E (decimal 1070)
   defining Unicode char U+042F (decimal 1071)
   defining Unicode char U+0430 (decimal 1072)
   defining Unicode char U+0431 (decimal 1073)
   defining Unicode char U+0432 (decimal 1074)
   defining Unicode char U+0433 (decimal 1075)
   defining Unicode char U+0434 (decimal 1076)
   defining Unicode char U+0435 (decimal 1077)
   defining Unicode char U+0436 (decimal 1078)
   defining Unicode char U+0437 (decimal 1079)
   defining Unicode char U+0438 (decimal 1080)
   defining Unicode char U+0439 (decimal 1081)
   defining Unicode char U+043A (decimal 1082)
   defining Unicode char U+043B (decimal 1083)
   defining Unicode char U+043C (decimal 1084)
   defining Unicode char U+043D (decimal 1085)
   defining Unicode char U+043E (decimal 1086)
   defining Unicode char U+043F (decimal 1087)
   defining Unicode char U+0440 (decimal 1088)
   defining Unicode char U+0441 (decimal 1089)
   defining Unicode char U+0442 (decimal 1090)
   defining Unicode char U+0443 (decimal 1091)
   defining Unicode char U+0444 (decimal 1092)
   defining Unicode char U+0445 (decimal 1093)
   defining Unicode char U+0446 (decimal 1094)
   defining Unicode char U+0447 (decimal 1095)
   defining Unicode char U+0448 (decimal 1096)
   defining Unicode char U+0449 (decimal 1097)
   defining Unicode char U+044A (decimal 1098)
   defining Unicode char U+044B (decimal 1099)
   defining Unicode char U+044C (decimal 1100)
   defining Unicode char U+044D (decimal 1101)
   defining Unicode char U+044E (decimal 1102)
   defining Unicode char U+044F (decimal 1103)
   defining Unicode char U+0450 (decimal 1104)
   defining Unicode char U+0451 (decimal 1105)
   defining Unicode char U+0452 (decimal 1106)
   defining Unicode char U+0453 (decimal 1107)
   defining Unicode char U+0454 (decimal 1108)
   defining Unicode char U+0455 (decimal 1109)
   defining Unicode char U+0456 (decimal 1110)
   defining Unicode char U+0457 (decimal 1111)
   defining Unicode char U+0458 (decimal 1112)
   defining Unicode char U+0459 (decimal 1113)
   defining Unicode char U+045A (decimal 1114)
   defining Unicode char U+045B (decimal 1115)
   defining Unicode char U+045C (decimal 1116)
   defining Unicode char U+045D (decimal 1117)
   defining Unicode char U+045E (decimal 1118)
   defining Unicode char U+045F (decimal 1119)
   defining Unicode char U+0490 (decimal 1168)
   defining Unicode char U+0491 (decimal 1169)
   defining Unicode char U+0492 (decimal 1170)
   defining Unicode char U+0493 (decimal 1171)
   defining Unicode char U+0496 (decimal 1174)
   defining Unicode char U+0497 (decimal 1175)
   defining Unicode char U+0498 (decimal 1176)
   defining Unicode char U+0499 (decimal 1177)
   defining Unicode char U+049A (decimal 1178)
   defining Unicode char U+049B (decimal 1179)
   defining Unicode char U+049C (decimal 1180)
   defining Unicode char U+049D (decimal 1181)
   defining Unicode char U+04A0 (decimal 1184)
   defining Unicode char U+04A1 (decimal 1185)
   defining Unicode char U+04A2 (decimal 1186)
   defining Unicode char U+04A3 (decimal 1187)
   defining Unicode char U+04A4 (decimal 1188)
   defining Unicode char U+04A5 (decimal 1189)
   defining Unicode char U+04AA (decimal 1194)
   defining Unicode char U+04AB (decimal 1195)
   defining Unicode char U+04AE (decimal 1198)
   defining Unicode char U+04AF (decimal 1199)
   defining Unicode char U+04B0 (decimal 1200)
   defining Unicode char U+04B1 (decimal 1201)
   defining Unicode char U+04B2 (decimal 1202)
   defining Unicode char U+04B3 (decimal 1203)
   defining Unicode char U+04B6 (decimal 1206)
   defining Unicode char U+04B7 (decimal 1207)
   defining Unicode char U+04B8 (decimal 1208)
   defining Unicode char U+04B9 (decimal 1209)
   defining Unicode char U+04BA (decimal 1210)
   defining Unicode char U+04BB (decimal 1211)
   defining Unicode char U+04C0 (decimal 1216)
   defining Unicode char U+04C1 (decimal 1217)
   defining Unicode char U+04C2 (decimal 1218)
   defining Unicode char U+04D0 (decimal 1232)
   defining Unicode char U+04D1 (decimal 1233)
   defining Unicode char U+04D2 (decimal 1234)
   defining Unicode char U+04D3 (decimal 1235)
   defining Unicode char U+04D4 (decimal 1236)
   defining Unicode char U+04D5 (decimal 1237)
   defining Unicode char U+04D6 (decimal 1238)
   defining Unicode char U+04D7 (decimal 1239)
   defining Unicode char U+04D8 (decimal 1240)
   defining Unicode char U+04D9 (decimal 1241)
   defining Unicode char U+04DA (decimal 1242)
   defining Unicode char U+04DB (decimal 1243)
   defining Unicode char U+04DC (decimal 1244)
   defining Unicode char U+04DD (decimal 1245)
   defining Unicode char U+04DE (decimal 1246)
   defining Unicode char U+04DF (decimal 1247)
   defining Unicode char U+04E2 (decimal 1250)
   defining Unicode char U+04E3 (decimal 1251)
   defining Unicode char U+04E4 (decimal 1252)
   defining Unicode char U+04E5 (decimal 1253)
   defining Unicode char U+04E6 (decimal 1254)
   defining Unicode char U+04E7 (decimal 1255)
   defining Unicode char U+04E8 (decimal 1256)
   defining Unicode char U+04E9 (decimal 1257)
   defining Unicode char U+04EC (decimal 1260)
   defining Unicode char U+04ED (decimal 1261)
   defining Unicode char U+04EE (decimal 1262)
   defining Unicode char U+04EF (decimal 1263)
   defining Unicode char U+04F0 (decimal 1264)
   defining Unicode char U+04F1 (decimal 1265)
   defining Unicode char U+04F2 (decimal 1266)
   defining Unicode char U+04F3 (decimal 1267)
   defining Unicode char U+04F4 (decimal 1268)
   defining Unicode char U+04F5 (decimal 1269)
   defining Unicode char U+04F8 (decimal 1272)
   defining Unicode char U+04F9 (decimal 1273)
   defining Unicode char U+200C (decimal 8204)
   defining Unicode char U+2013 (decimal 8211)
   defining Unicode char U+2014 (decimal 8212)
   defining Unicode char U+2018 (decimal 8216)
   defining Unicode char U+2019 (decimal 8217)
   defining Unicode char U+201C (decimal 8220)
   defining Unicode char U+201D (decimal 8221)
   defining Unicode char U+201E (decimal 8222)
   defining Unicode char U+2030 (decimal 8240)
   defining Unicode char U+2031 (decimal 8241)
   defining Unicode char U+2116 (decimal 8470)
   defining Unicode char U+2329 (decimal 9001)
   defining Unicode char U+232A (decimal 9002)
   defining Unicode char U+2423 (decimal 9251)
   defining Unicode char U+27E8 (decimal 10216)
   defining Unicode char U+27E9 (decimal 10217)
   defining Unicode char U+FB00 (decimal 64256)
   defining Unicode char U+FB01 (decimal 64257)
   defining Unicode char U+FB02 (decimal 64258)
   defining Unicode char U+FB03 (decimal 64259)
   defining Unicode char U+FB04 (decimal 64260)
   defining Unicode char U+FB05 (decimal 64261)
   defining Unicode char U+FB06 (decimal 64262)
))
LaTeX Font Info:    Trying to load font information for T2A+cmss on input line 
112.

(C:\Users\F1mKo\AppData\Roaming\MiKTeX\tex/latex/cyrillic\t2acmss.fd
File: t2acmss.fd 2001/08/11 v1.0a Computer Modern Cyrillic font definitions
)<<t2a.cmap>>) ("D:\Program Files\Miktex 2.9\tex/latex/pscyr\pscyr.sty"
Package: pscyr 2002/07/04 v0.4d Cyrillic Type1 fonts as default
)
("D:\Program Files\Miktex 2.9\tex/latex/base\inputenc.sty"
Package: inputenc 2020/08/01 v1.3d Input encoding file
\inpenc@prehook=\toks47
\inpenc@posthook=\toks48
)
("D:\Program Files\Miktex 2.9\tex/generic/babel\babel.sty"
Package: babel 2020/10/27 3.51 The Babel package

("D:\Program Files\Miktex 2.9\tex/generic/babel\babel.def"
File: babel.def 2020/10/27 3.51 Babel common definitions
\babel@savecnt=\count349
\U@D=\dimen314
\l@babelnohyphens=\language79

("D:\Program Files\Miktex 2.9\tex/generic/babel\txtbabel.def")
\bbl@readstream=\read3
)
LaTeX Info: Redefining \textlatin on input line 707.
\bbl@dirlevel=\count350

*************************************
* Local config file bblopts.cfg used
*
("D:\Program Files\Miktex 2.9\tex/latex/arabi\bblopts.cfg"
File: bblopts.cfg 2005/09/08 v0.1 add Arabic and Farsi to "declared" options of
 babel
)
("D:\Program Files\Miktex 2.9\tex/latex/babel-english\english.ldf"
Language: english 2017/06/06 v3.3r English support from the babel system
Package babel Info: \l@canadian = using hyphenrules for english
(babel)             (\language0) on input line 102.
Package babel Info: \l@australian = using hyphenrules for ukenglish
(babel)             (\language73) on input line 105.
Package babel Info: \l@newzealand = using hyphenrules for ukenglish
(babel)             (\language73) on input line 108.
)
(C:\Users\F1mKo\AppData\Roaming\MiKTeX\tex/latex/babel-russian\russianb.ldf
File: russianb.ldf 2020/09/09 1.3k Russian support for the Babel system
Language: russian 2020/09/09 1.3k Russian support for the Babel system
Package babel Info: Making " an active character on input line 120.
Package babel Info: Default for \cyrdash is provided on input line 157.
))
("D:\Program Files\Miktex 2.9\tex/latex/tools\longtable.sty"
Package: longtable 2020/01/07 v4.13 Multi-page Table package (DPC)
\LTleft=\skip77
\LTright=\skip78
\LTpre=\skip79
\LTpost=\skip80
\LTchunksize=\count351
\LTcapwidth=\dimen315
\LT@head=\box88
\LT@firsthead=\box89
\LT@foot=\box90
\LT@lastfoot=\box91
\LT@cols=\count352
\LT@rows=\count353
\c@LT@tables=\count354
\c@LT@chunks=\count355
\LT@p@ftn=\toks49
)
(C:\Users\F1mKo\AppData\Roaming\MiKTeX\tex/latex/caption\ltcaption.sty
Package: ltcaption 2020/05/30 v1.4b longtable captions (AR)
\LTcapskip=\skip81
\LTcapleft=\skip82
\LTcapright=\skip83
)
(C:\Users\F1mKo\AppData\Roaming\MiKTeX\tex/latex/multirow\multirow.sty
Package: multirow 2019/05/31 v2.5 Span multiple rows of a table
\multirow@colwidth=\skip84
\multirow@cntb=\count356
\multirow@dima=\skip85
\bigstrutjot=\dimen316
)
(C:\Users\F1mKo\AppData\Roaming\MiKTeX\tex/latex/makecell\makecell.sty
Package: makecell 2009/08/03 V0.1e Managing of Tab Column Heads and Cells
\rotheadsize=\dimen317
\c@nlinenum=\count357
\TeXr@lab=\toks50
)
(C:\Users\F1mKo\AppData\Roaming\MiKTeX\tex/latex/tabu\tabu.sty
Package: tabu 2019/01/11 v2.9 - flexible LaTeX tabulars (FC+tabu-fixed)

(C:\Users\F1mKo\AppData\Roaming\MiKTeX\tex/latex/varwidth\varwidth.sty
Package: varwidth 2009/03/30 ver 0.92;  Variable-width minipages
\@vwid@box=\box92
\sift@deathcycles=\count358
\@vwid@loff=\dimen318
\@vwid@roff=\dimen319
)
\c@taburow=\count359
\tabu@nbcols=\count360
\tabu@cnt=\count361
\tabu@Xcol=\count362
\tabu@alloc=\count363
\tabu@nested=\count364
\tabu@target=\dimen320
\tabu@spreadtarget=\dimen321
\tabu@naturalX=\dimen322
\tabucolX=\dimen323
\tabu@Xsum=\dimen324
\extrarowdepth=\dimen325
\abovetabulinesep=\dimen326
\belowtabulinesep=\dimen327
\tabustrutrule=\dimen328
\tabu@thebody=\toks51
\tabu@footnotes=\toks52
\tabu@box=\box93
\tabu@arstrutbox=\box94
\tabu@hleads=\box95
\tabu@vleads=\box96
\tabu@cellskip=\skip86
)
(C:\Users\F1mKo\AppData\Roaming\MiKTeX\tex/latex/tabulary\tabulary.sty
Package: tabulary 2014/06/11 v0.10 tabulary package (DPC)
\TY@count=\count365
\TY@linewidth=\dimen329
\tymin=\dimen330
\tymax=\dimen331
\TY@tablewidth=\dimen332
)
(C:\Users\F1mKo\AppData\Roaming\MiKTeX\tex/latex/threeparttable\threeparttable.
sty
Package: threeparttable 2003/06/13  v 3.0
\@tempboxb=\box97
) (C:\Users\F1mKo\AppData\Roaming\MiKTeX\tex/generic/soulutf8\soulutf8.sty
Package: soulutf8 2019/12/15 v1.2 Permit use of UTF-8 characters in soul (HO)

(C:\Users\F1mKo\AppData\Roaming\MiKTeX\tex/generic/soul\soul.sty
Package: soul 2003/11/17 v2.4 letterspacing/underlining (mf)
\SOUL@word=\toks53
\SOUL@lasttoken=\toks54
\SOUL@cmds=\toks55
\SOUL@buffer=\toks56
\SOUL@token=\toks57
\SOUL@spaceskip=\skip87
\SOUL@ttwidth=\dimen333
\SOUL@uldp=\dimen334
\SOUL@ulht=\dimen335
))
(C:\Users\F1mKo\AppData\Roaming\MiKTeX\tex/latex/was\icomma.sty
Package: icomma 2002/03/10 v2.0 (WaS)
)
(C:\Users\F1mKo\AppData\Roaming\MiKTeX\tex/latex/impnattypo\impnattypo.sty
Package: impnattypo 2019/03/04 1.5 Typographic utilities inspired by the French
 Imprimerie Nationale
Package: impnattypo 

("D:\Program Files\Miktex 2.9\tex/generic/iftex\ifluatex.sty"
Package: ifluatex 2019/10/25 v1.5 ifluatex legacy package. Use iftex instead.
))
("D:\Program Files\Miktex 2.9\tex/latex/pgf/frontendlayer\tikz.sty"
("D:\Program Files\Miktex 2.9\tex/latex/pgf/basiclayer\pgf.sty"
Package: pgf 2020/10/01 v3.1.6a (3.1.6a)

("D:\Program Files\Miktex 2.9\tex/generic/pgf/modules\pgfmoduleshapes.code.tex"
File: pgfmoduleshapes.code.tex 2020/10/01 v3.1.6a (3.1.6a)
\pgfnodeparttextbox=\box98
) ("D:\Program Files\Miktex 2.9\tex/generic/pgf/modules\pgfmoduleplot.code.tex"
File: pgfmoduleplot.code.tex 2020/10/01 v3.1.6a (3.1.6a)
)
("D:\Program Files\Miktex 2.9\tex/latex/pgf/compatibility\pgfcomp-version-0-65.
sty"
Package: pgfcomp-version-0-65 2020/10/01 v3.1.6a (3.1.6a)
\pgf@nodesepstart=\dimen336
\pgf@nodesepend=\dimen337
)
("D:\Program Files\Miktex 2.9\tex/latex/pgf/compatibility\pgfcomp-version-1-18.
sty"
Package: pgfcomp-version-1-18 2020/10/01 v3.1.6a (3.1.6a)
)) ("D:\Program Files\Miktex 2.9\tex/latex/pgf/utilities\pgffor.sty"
("D:\Program Files\Miktex 2.9\tex/latex/pgf/utilities\pgfkeys.sty"
("D:\Program Files\Miktex 2.9\tex/generic/pgf/utilities\pgfkeys.code.tex"))
("D:\Program Files\Miktex 2.9\tex/latex/pgf/math\pgfmath.sty"
("D:\Program Files\Miktex 2.9\tex/generic/pgf/math\pgfmath.code.tex"))
("D:\Program Files\Miktex 2.9\tex/generic/pgf/utilities\pgffor.code.tex"
Package: pgffor 2020/10/01 v3.1.6a (3.1.6a)

("D:\Program Files\Miktex 2.9\tex/generic/pgf/math\pgfmath.code.tex")
\pgffor@iter=\dimen338
\pgffor@skip=\dimen339
\pgffor@stack=\toks58
\pgffor@toks=\toks59
))
("D:\Program Files\Miktex 2.9\tex/generic/pgf/frontendlayer/tikz\tikz.code.tex"
Package: tikz 2020/10/01 v3.1.6a (3.1.6a)

("D:\Program Files\Miktex 2.9\tex/generic/pgf/libraries\pgflibraryplothandlers.
code.tex"
File: pgflibraryplothandlers.code.tex 2020/10/01 v3.1.6a (3.1.6a)
\pgf@plot@mark@count=\count366
\pgfplotmarksize=\dimen340
)
\tikz@lastx=\dimen341
\tikz@lasty=\dimen342
\tikz@lastxsaved=\dimen343
\tikz@lastysaved=\dimen344
\tikz@lastmovetox=\dimen345
\tikz@lastmovetoy=\dimen346
\tikzleveldistance=\dimen347
\tikzsiblingdistance=\dimen348
\tikz@figbox=\box99
\tikz@figbox@bg=\box100
\tikz@tempbox=\box101
\tikz@tempbox@bg=\box102
\tikztreelevel=\count367
\tikznumberofchildren=\count368
\tikznumberofcurrentchild=\count369
\tikz@fig@count=\count370

("D:\Program Files\Miktex 2.9\tex/generic/pgf/modules\pgfmodulematrix.code.tex"
File: pgfmodulematrix.code.tex 2020/10/01 v3.1.6a (3.1.6a)
\pgfmatrixcurrentrow=\count371
\pgfmatrixcurrentcolumn=\count372
\pgf@matrix@numberofcolumns=\count373
)
\tikz@expandcount=\count374

("D:\Program Files\Miktex 2.9\tex/generic/pgf/frontendlayer/tikz/libraries\tikz
librarytopaths.code.tex"
File: tikzlibrarytopaths.code.tex 2020/10/01 v3.1.6a (3.1.6a)
)))
("D:\Program Files\Miktex 2.9\tex/generic/pgf/frontendlayer/tikz/libraries\tikz
libraryshapes.code.tex"
File: tikzlibraryshapes.code.tex 2020/10/01 v3.1.6a (3.1.6a)

("D:\Program Files\Miktex 2.9\tex/generic/pgf/frontendlayer/tikz/libraries\tikz
libraryshapes.geometric.code.tex"
File: tikzlibraryshapes.geometric.code.tex 2020/10/01 v3.1.6a (3.1.6a)

("D:\Program Files\Miktex 2.9\tex/generic/pgf/libraries/shapes\pgflibraryshapes
.geometric.code.tex"
File: pgflibraryshapes.geometric.code.tex 2020/10/01 v3.1.6a (3.1.6a)
))
("D:\Program Files\Miktex 2.9\tex/generic/pgf/frontendlayer/tikz/libraries\tikz
libraryshapes.misc.code.tex"
File: tikzlibraryshapes.misc.code.tex 2020/10/01 v3.1.6a (3.1.6a)

("D:\Program Files\Miktex 2.9\tex/generic/pgf/libraries/shapes\pgflibraryshapes
.misc.code.tex"
File: pgflibraryshapes.misc.code.tex 2020/10/01 v3.1.6a (3.1.6a)
))
("D:\Program Files\Miktex 2.9\tex/generic/pgf/frontendlayer/tikz/libraries\tikz
libraryshapes.symbols.code.tex"
File: tikzlibraryshapes.symbols.code.tex 2020/10/01 v3.1.6a (3.1.6a)

("D:\Program Files\Miktex 2.9\tex/generic/pgf/libraries/shapes\pgflibraryshapes
.symbols.code.tex"
File: pgflibraryshapes.symbols.code.tex 2020/10/01 v3.1.6a (3.1.6a)
))
("D:\Program Files\Miktex 2.9\tex/generic/pgf/frontendlayer/tikz/libraries\tikz
libraryshapes.arrows.code.tex"
File: tikzlibraryshapes.arrows.code.tex 2020/10/01 v3.1.6a (3.1.6a)

("D:\Program Files\Miktex 2.9\tex/generic/pgf/libraries/shapes\pgflibraryshapes
.arrows.code.tex"
File: pgflibraryshapes.arrows.code.tex 2020/10/01 v3.1.6a (3.1.6a)
))
("D:\Program Files\Miktex 2.9\tex/generic/pgf/frontendlayer/tikz/libraries\tikz
libraryshapes.callouts.code.tex"
("D:\Program Files\Miktex 2.9\tex/generic/pgf/libraries/shapes\pgflibraryshapes
.callouts.code.tex"))
("D:\Program Files\Miktex 2.9\tex/generic/pgf/frontendlayer/tikz/libraries\tikz
libraryshapes.multipart.code.tex"
File: tikzlibraryshapes.multipart.code.tex 2020/10/01 v3.1.6a (3.1.6a)

("D:\Program Files\Miktex 2.9\tex/generic/pgf/libraries/shapes\pgflibraryshapes
.multipart.code.tex"
File: pgflibraryshapes.multipart.code.tex 2020/10/01 v3.1.6a (3.1.6a)
\pgfnodepartlowerbox=\box103
\pgfnodeparttwobox=\box104
\pgfnodepartthreebox=\box105
\pgfnodepartfourbox=\box106
\pgfnodeparttwentybox=\box107
\pgfnodepartnineteenbox=\box108
\pgfnodeparteighteenbox=\box109
\pgfnodepartseventeenbox=\box110
\pgfnodepartsixteenbox=\box111
\pgfnodepartfifteenbox=\box112
\pgfnodepartfourteenbox=\box113
\pgfnodepartthirteenbox=\box114
\pgfnodeparttwelvebox=\box115
\pgfnodepartelevenbox=\box116
\pgfnodeparttenbox=\box117
\pgfnodepartninebox=\box118
\pgfnodeparteightbox=\box119
\pgfnodepartsevenbox=\box120
\pgfnodepartsixbox=\box121
\pgfnodepartfivebox=\box122
)))
("D:\Program Files\Miktex 2.9\tex/generic/pgf/frontendlayer/tikz/libraries\tikz
libraryshadows.code.tex"
File: tikzlibraryshadows.code.tex 2020/10/01 v3.1.6a (3.1.6a)

("D:\Program Files\Miktex 2.9\tex/generic/pgf/frontendlayer/tikz/libraries\tikz
libraryfadings.code.tex"
File: tikzlibraryfadings.code.tex 2020/10/01 v3.1.6a (3.1.6a)

("D:\Program Files\Miktex 2.9\tex/generic/pgf/libraries\pgflibraryfadings.code.
tex"
File: pgflibraryfadings.code.tex 2020/10/01 v3.1.6a (3.1.6a)
)))
("D:\Program Files\Miktex 2.9\tex/generic/pgf/frontendlayer/tikz/libraries\tikz
librarychains.code.tex"
File: tikzlibrarychains.code.tex 2020/10/01 v3.1.6a (3.1.6a)

("D:\Program Files\Miktex 2.9\tex/generic/pgf/frontendlayer/tikz/libraries\tikz
librarypositioning.code.tex"
File: tikzlibrarypositioning.code.tex 2020/10/01 v3.1.6a (3.1.6a)
))
("D:\Program Files\Miktex 2.9\tex/generic/pgf/frontendlayer/tikz/libraries\tikz
libraryarrows.code.tex"
File: tikzlibraryarrows.code.tex 2020/10/01 v3.1.6a (3.1.6a)

("D:\Program Files\Miktex 2.9\tex/generic/pgf/libraries\pgflibraryarrows.code.t
ex"
File: pgflibraryarrows.code.tex 2020/10/01 v3.1.6a (3.1.6a)
\arrowsize=\dimen349
)) (C:\Users\F1mKo\AppData\Roaming\MiKTeX\tex/latex/caption\caption.sty
Package: caption 2020/10/26 v3.5g Customizing captions (AR)

(C:\Users\F1mKo\AppData\Roaming\MiKTeX\tex/latex/caption\caption3.sty
Package: caption3 2020/10/21 v2.2e caption3 kernel (AR)
\captionmargin=\dimen350
\captionmargin@=\dimen351
\captionwidth=\dimen352
\caption@tempdima=\dimen353
\caption@indent=\dimen354
\caption@parindent=\dimen355
\caption@hangindent=\dimen356
Package caption Info: beamer document class detected.

(C:\Users\F1mKo\AppData\Roaming\MiKTeX\tex/latex/caption\caption-beamer.sto
File: caption-beamer.sto 2020/08/22 v2.0 Adaption of the caption package to the
 beamer document classes (AR)
))
Package caption Info: Option `figurename' requires the `newfloat' package on in
put line 187.

(C:\Users\F1mKo\AppData\Roaming\MiKTeX\tex/latex/newfloat\newfloat.sty
Package: newfloat 2019/09/02 v1.1l Defining new floating environments (AR)
)
\c@caption@flags=\count375
\c@continuedfloat=\count376
Package caption Info: hyperref package is loaded.
Package caption Info: Hyperref support is turned off
(caption)             because hyperref has stopped early.
Package caption Info: longtable package is loaded.
Package caption Info: threeparttable package is loaded.
)
(C:\Users\F1mKo\AppData\Roaming\MiKTeX\tex/latex/caption\subcaption.sty
Package: subcaption 2020/10/07 v1.3j Sub-captions (AR)
\c@subfigure=\count377
\c@subtable=\count378
)
(C:\Users\F1mKo\AppData\Roaming\MiKTeX\tex/latex/pdfpages\pdfpages.sty
Package: pdfpages 2020/01/28 v0.5q Insert pages of external PDF documents (AM)

("D:\Program Files\Miktex 2.9\tex/latex/base\ifthen.sty"
Package: ifthen 2014/09/29 v1.1c Standard LaTeX ifthen package (DPC)
)
(C:\Users\F1mKo\AppData\Roaming\MiKTeX\tex/latex/eso-pic\eso-pic.sty
Package: eso-pic 2020/09/27 v2.0i eso-pic (RN)
\ESO@tempdima=\dimen357
\ESO@tempdimb=\dimen358
)
\AM@pagewidth=\dimen359
\AM@pageheight=\dimen360

(C:\Users\F1mKo\AppData\Roaming\MiKTeX\tex/latex/pdfpages\pppdftex.def
File: pppdftex.def 2020/01/28 v0.5q Pdfpages driver for pdfTeX (AM)
)
\AM@pagebox=\box123
\AM@global@opts=\toks60
\AM@pagecnt=\count379
\AM@toc@title=\toks61
\c@AM@survey=\count380
\AM@templatesizebox=\box124
)
(C:\Users\F1mKo\AppData\Roaming\MiKTeX\tex/latex/fontawesome5\fontawesome5.sty
Package: fontawesome5 2020/03/24 v5.13.0 Font Awesome 5

(C:\Users\F1mKo\AppData\Roaming\MiKTeX\tex/latex/fontawesome5\fontawesome5-gene
ric-helper.sty
Package: fontawesome5-generic-helper 2020/03/24 v5.13.0 non-uTeX helper for fon
tawesome5

(C:\Users\F1mKo\AppData\Roaming\MiKTeX\tex/latex/fontawesome5\fontawesome5-mapp
ing.def))) ("D:\Program Files\Miktex 2.9\tex/latex/oberdiek\aliascnt.sty"
Package: aliascnt 2018/09/07 v1.5 Alias counters (HO)
)
(C:\Users\F1mKo\AppData\Roaming\MiKTeX\tex/latex/totalcount\totalcount.sty
Package: totalcount 2018/01/21 v1.0a Total values of counters (AR)
\c@totalcount@figure=\count381
\c@totalcount@table=\count382
)
(C:\Users\F1mKo\AppData\Roaming\MiKTeX\tex/latex/totcount\totcount.sty
Package: totcount 2011/01/25 v1.2 package for gettingthe total value of LaTeX c
ounters
)
(C:\Users\F1mKo\AppData\Roaming\MiKTeX\tex/latex/totpages\totpages.sty
Package: totpages 2005/09/19 v2.00 Totpages Package (muewi)

("D:\Program Files\Miktex 2.9\tex/latex/base\everyshi-ltx.sty"
Package: everyshi-ltx 2020/08/17 v1.0a Emulation of the original everyshi packa
ge
with kernel methods
))
(C:\Users\F1mKo\AppData\Roaming\MiKTeX\tex/latex/placeins\placeins.sty
Package: placeins 2005/04/18  v 2.2
))
(setup/data.tex) (setup/fonts.tex) (content/setup.tex
\c@presnotes=\count383
\c@logotitle=\count384
\c@logoother=\count385
)
(content/prespackages.tex
Package hyperref Info: Option `colorlinks' set `true' on input line 3.
Package hyperref Info: Option `breaklinks' set `true' on input line 3.
Package hyperref Info: Option `unicode' set `true' on input line 3.

("D:\Program Files\Miktex 2.9\tex/latex/hyperref\puenc.def"
File: puenc.def 2020-05-15 v7.00e Hyperref: PDF Unicode definition (HO)
Now handling font encoding PU ...
... no UTF-8 mapping file for font encoding PU
)
(C:\Users\F1mKo\AppData\Roaming\MiKTeX\tex/latex/t2\mathtext.sty
Package: mathtext 2018/04/13 v1.1 transparent text-and-math defs
LaTeX Info: Redefining \halign on input line 119.
)
(C:\Users\F1mKo\AppData\Roaming\MiKTeX\tex/latex/float\float.sty
Package: float 2001/11/08 v1.3d Float enhancements (AL)
\c@float@type=\count386
\float@exts=\toks62
\float@box=\box125
\@float@everytoks=\toks63
\@floatcapt=\box126
)
("D:\Program Files\Miktex 2.9\tex/latex/tools\indentfirst.sty"
Package: indentfirst 1995/11/23 v1.03 Indent first paragraph (DPC)
)
(C:\Users\F1mKo\AppData\Roaming\MiKTeX\tex/latex/appendixnumberbeamer\appendixn
umberbeamer.sty)
(C:\Users\F1mKo\AppData\Roaming\MiKTeX\tex/latex/booktabs\booktabs.sty
Package: booktabs 2020/01/12 v1.61803398 Publication quality tables
\heavyrulewidth=\dimen361
\lightrulewidth=\dimen362
\cmidrulewidth=\dimen363
\belowrulesep=\dimen364
\belowbottomsep=\dimen365
\aboverulesep=\dimen366
\abovetopsep=\dimen367
\cmidrulesep=\dimen368
\cmidrulekern=\dimen369
\defaultaddspace=\dimen370
\@cmidla=\count387
\@cmidlb=\count388
\@aboverulesep=\dimen371
\@belowrulesep=\dimen372
\@thisruleclass=\count389
\@lastruleclass=\count390
\@thisrulewidth=\dimen373
)
("D:\Program Files\Miktex 2.9\tex/latex/pgf/utilities\pgfpages.sty"
Package: pgfpages 2011/01/05 ver 0.02
\pgf@logicalpages=\count391
\pgf@firstshipout=\count392
\pgf@lastshipout=\count393
\pgf@currentshipout=\count394
\pgf@cpn=\count395
\pgf@shipoutnextto=\count396
\pgfphysicalheight=\dimen374
\pgfphysicalwidth=\dimen375
\pgfpages@shipoutbox=\box127
)
(C:\Users\F1mKo\AppData\Roaming\MiKTeX\tex/latex/esint\esint.sty
Package: esint 
\symlargesymbolsA=\mathgroup6
)
("D:\Program Files\Miktex 2.9\tex/latex/listings\listings.sty"
\lst@mode=\count397
\lst@gtempboxa=\box128
\lst@token=\toks64
\lst@length=\count398
\lst@currlwidth=\dimen376
\lst@column=\count399
\lst@pos=\count400
\lst@lostspace=\dimen377
\lst@width=\dimen378
\lst@newlines=\count401
\lst@lineno=\count402
\lst@maxwidth=\dimen379

("D:\Program Files\Miktex 2.9\tex/latex/listings\lstmisc.sty"
File: lstmisc.sty 2020/03/24 1.8d (Carsten Heinz)
\c@lstnumber=\count403
\lst@skipnumbers=\count404
\lst@framebox=\box129
)
("D:\Program Files\Miktex 2.9\tex/latex/listings\listings.cfg"
File: listings.cfg 2020/03/24 1.8d listings configuration
))
Package: listings 2020/03/24 1.8d (Carsten Heinz)

("D:\Program Files\Miktex 2.9\tex/latex/listings\lstlang1.sty"
File: lstlang1.sty 2020/03/24 1.8d listings language file
))
(content/styles.tex) (styles/spbu2020/spbu2020.sty)
(styles/spbu2020/beamerthemespbu2020.sty
(styles/spbu2020/beamerinnerthemespbu2020.sty)
(styles/spbu2020/beamerouterthemespbu2020.sty)
(styles/spbu2020/beamercolorthemespbu2020.sty)) (biblio/biblatex.tex
(C:\Users\F1mKo\AppData\Roaming\MiKTeX\tex/latex/csquotes\csquotes.sty
Package: csquotes 2019-12-06 v5.2j context-sensitive quotations (JAW)
\csq@reset=\count405
\csq@gtype=\count406
\csq@glevel=\count407
\csq@qlevel=\count408
\csq@maxlvl=\count409
\csq@tshold=\count410
\csq@ltx@everypar=\toks65

(C:\Users\F1mKo\AppData\Roaming\MiKTeX\tex/latex/csquotes\csquotes.def
File: csquotes.def 2019-12-06 v5.2j csquotes generic definitions (JAW)
)
Package csquotes Info: Trying to load configuration file 'csquotes.cfg'...
Package csquotes Info: ... configuration file loaded successfully.

(C:\Users\F1mKo\AppData\Roaming\MiKTeX\tex/latex/csquotes\csquotes.cfg
File: csquotes.cfg 
))
("D:\Program Files\Miktex 2.9\tex/latex/biblatex\biblatex.sty"
Package: biblatex 2020/08/23 v3.15a programmable bibliographies (PK/MW)

(C:\Users\F1mKo\AppData\Roaming\MiKTeX\tex/latex/logreq\logreq.sty
Package: logreq 2010/08/04 v1.0 xml request logger
\lrq@indent=\count411

(C:\Users\F1mKo\AppData\Roaming\MiKTeX\tex/latex/logreq\logreq.def
File: logreq.def 2010/08/04 v1.0 logreq spec v1.0
))
\c@tabx@nest=\count412
\c@listtotal=\count413
\c@listcount=\count414
\c@liststart=\count415
\c@liststop=\count416
\c@citecount=\count417
\c@citetotal=\count418
\c@multicitecount=\count419
\c@multicitetotal=\count420
\c@instcount=\count421
\c@maxnames=\count422
\c@minnames=\count423
\c@maxitems=\count424
\c@minitems=\count425
\c@citecounter=\count426
\c@maxcitecounter=\count427
\c@savedcitecounter=\count428
\c@uniquelist=\count429
\c@uniquename=\count430
\c@refsection=\count431
\c@refsegment=\count432
\c@maxextratitle=\count433
\c@maxextratitleyear=\count434
\c@maxextraname=\count435
\c@maxextradate=\count436
\c@maxextraalpha=\count437
\c@abbrvpenalty=\count438
\c@highnamepenalty=\count439
\c@lownamepenalty=\count440
\c@maxparens=\count441
\c@parenlevel=\count442
\blx@tempcnta=\count443
\blx@tempcntb=\count444
\blx@tempcntc=\count445
\blx@maxsection=\count446
\blx@maxsegment@0=\count447
\blx@notetype=\count448
\blx@parenlevel@text=\count449
\blx@parenlevel@foot=\count450
\blx@sectionciteorder@0=\count451
\blx@entrysetcounter=\count452
\blx@biblioinstance=\count453
\labelnumberwidth=\skip88
\labelalphawidth=\skip89
\biblabelsep=\skip90
\bibitemsep=\skip91
\bibnamesep=\skip92
\bibinitsep=\skip93
\bibparsep=\skip94
\bibhang=\skip95
\blx@bcfin=\read4
\blx@bcfout=\write6
\blx@langwohyphens=\language80
\c@mincomprange=\count454
\c@maxcomprange=\count455
\c@mincompwidth=\count456
Package biblatex Info: Trying to load biblatex default data model...
Package biblatex Info: ... file 'blx-dm.def' found.

("D:\Program Files\Miktex 2.9\tex/latex/biblatex\blx-dm.def"
File: blx-dm.def 2020/08/23 v3.15a biblatex localization (PK/MW)
)
Package biblatex Info: Trying to load biblatex style data model...
Package biblatex Info: ... file 'gost-numeric.dbx' found.

(C:\Users\F1mKo\AppData\Roaming\MiKTeX\tex/latex/biblatex-gost/dbx\gost-numeric
.dbx
File: gost-numeric.dbx 2020/10/28 v1.21 biblatex-gost data model
Package biblatex Info: Trying to load biblatex-gost data model...
Package biblatex Info: ... file 'biblatex-gost.dbx' found.

(C:\Users\F1mKo\AppData\Roaming\MiKTeX\tex/latex/biblatex-gost/dbx\biblatex-gos
t.dbx
File: biblatex-gost.dbx 2020/10/28 v1.21 biblatex-gost data model
))
Package biblatex Info: Trying to load biblatex custom data model...
Package biblatex Info: ... file 'biblatex-dm.cfg' not found.
\c@afterword=\count457
\c@savedafterword=\count458
\c@annotator=\count459
\c@savedannotator=\count460
\c@author=\count461
\c@savedauthor=\count462
\c@bookauthor=\count463
\c@savedbookauthor=\count464
\c@commentator=\count465
\c@savedcommentator=\count466
\c@editor=\count467
\c@savededitor=\count468
\c@editora=\count469
\c@savededitora=\count470
\c@editorb=\count471
\c@savededitorb=\count472
\c@editorc=\count473
\c@savededitorc=\count474
\c@foreword=\count475
\c@savedforeword=\count476
\c@holder=\count477
\c@savedholder=\count478
\c@introduction=\count479
\c@savedintroduction=\count480
\c@namea=\count481
\c@savednamea=\count482
\c@nameb=\count483
\c@savednameb=\count484
\c@namec=\count485
\c@savednamec=\count486
\c@translator=\count487
\c@savedtranslator=\count488
\c@shortauthor=\count489
\c@savedshortauthor=\count490
\c@shorteditor=\count491
\c@savedshorteditor=\count492
\c@booktranslator=\count493
\c@savedbooktranslator=\count494
\c@bookcommentator=\count495
\c@savedbookcommentator=\count496
\c@bookannotator=\count497
\c@savedbookannotator=\count498
\c@bookintroduction=\count499
\c@savedbookintroduction=\count500
\c@bookforeword=\count501
\c@savedbookforeword=\count502
\c@bookafterword=\count503
\c@savedbookafterword=\count504
\c@labelname=\count505
\c@savedlabelname=\count506
\c@institution=\count507
\c@savedinstitution=\count508
\c@lista=\count509
\c@savedlista=\count510
\c@listb=\count511
\c@savedlistb=\count512
\c@listc=\count513
\c@savedlistc=\count514
\c@listd=\count515
\c@savedlistd=\count516
\c@liste=\count517
\c@savedliste=\count518
\c@listf=\count519
\c@savedlistf=\count520
\c@location=\count521
\c@savedlocation=\count522
\c@organization=\count523
\c@savedorganization=\count524
\c@origlocation=\count525
\c@savedoriglocation=\count526
\c@origpublisher=\count527
\c@savedorigpublisher=\count528
\c@publisher=\count529
\c@savedpublisher=\count530
\c@language=\count531
\c@savedlanguage=\count532
\c@origlanguage=\count533
\c@savedoriglanguage=\count534
\c@bookoriglanguage=\count535
\c@savedbookoriglanguage=\count536
\c@specdata=\count537
\c@savedspecdata=\count538
\c@credits=\count539
\c@savedcredits=\count540
\c@bookcredits=\count541
\c@savedbookcredits=\count542
\c@editioncredits=\count543
\c@savededitioncredits=\count544
\c@pageref=\count545
\c@savedpageref=\count546
\shorthandwidth=\skip96
\shortjournalwidth=\skip97
\shortserieswidth=\skip98
\shorttitlewidth=\skip99
\shortauthorwidth=\skip100
\shorteditorwidth=\skip101
\locallabelnumberwidth=\skip102
\locallabelalphawidth=\skip103
\localshorthandwidth=\skip104
\localshortjournalwidth=\skip105
\localshortserieswidth=\skip106
\localshorttitlewidth=\skip107
\localshortauthorwidth=\skip108
\localshorteditorwidth=\skip109
Package biblatex Info: Trying to load compatibility code...
Package biblatex Info: ... file 'blx-compat.def' found.
 ("D:\Program Files\Miktex 2.9\tex/latex/biblatex\blx-compat.def"
File: blx-compat.def 2020/08/23 v3.15a biblatex compatibility (PK/MW)
)
Package biblatex Info: expl3
(biblatex)             2020-10-27 L3 programming layer (loader) 
(biblatex)             is new enough (at least 2020/04/06),
(biblatex)             setting 'casechanger=expl3'.
Package biblatex Info: Trying to load expl3 case changing code...
Package biblatex Info: ... file 'blx-case-expl3.def' found.

("D:\Program Files\Miktex 2.9\tex/latex/biblatex\blx-case-expl3.def"
File: blx-case-expl3 2020/08/23 v3.15a expl3 case changing code for biblatex
)
Package biblatex Info: Trying to load generic definitions...
Package biblatex Info: ... file 'biblatex.def' found.

("D:\Program Files\Miktex 2.9\tex/latex/biblatex\biblatex.def"
File: biblatex.def 2020/08/23 v3.15a biblatex compatibility (PK/MW)
\c@textcitecount=\count547
\c@textcitetotal=\count548
\c@textcitemaxnames=\count549
\c@biburlbigbreakpenalty=\count550
\c@biburlbreakpenalty=\count551
\c@biburlnumpenalty=\count552
\c@biburlucpenalty=\count553
\c@biburllcpenalty=\count554
\biburlbigskip=\muskip21
\biburlnumskip=\muskip22
\biburlucskip=\muskip23
\biburllcskip=\muskip24
\c@smartand=\count555
)
Package biblatex Info: Trying to load bibliography style 'gost-numeric'...
Package biblatex Info: ... file 'gost-numeric.bbx' found.

(C:\Users\F1mKo\AppData\Roaming\MiKTeX\tex/latex/biblatex-gost/bbx\gost-numeric
.bbx
File: gost-numeric.bbx 2020/10/28 v1.21 biblatex-gost styles
Package biblatex Info: Trying to load bibliography style 'gost-standard'...
Package biblatex Info: ... file 'gost-standard.bbx' found.

(C:\Users\F1mKo\AppData\Roaming\MiKTeX\tex/latex/biblatex-gost/bbx\gost-standar
d.bbx
File: gost-standard.bbx 2020/10/28 v1.21 biblatex-gost styles


Package biblatex-gost Warning: Applying temporary patch for Unicode symbols.
(biblatex-gost)                For details see biblatex issue #960.

Package biblatex Info: Trying to load biblatex-gost generic definitions...
Package biblatex Info: ... file 'biblatex-gost.def' found.

(C:\Users\F1mKo\AppData\Roaming\MiKTeX\tex/latex/biblatex-gost\biblatex-gost.de
f
File: biblatex-gost.def 2020/10/28 v1.21 biblatex-gost styles
)
\c@blx@gost@pointer=\count556
\c@bbx:relatedcount=\count557
\c@bbx:relatedtotal=\count558
Package biblatex Info: Redefining autocite command 'footnote'.
Package biblatex Info: Redefining autocite command 'superscript'.
))
Package biblatex Info: Trying to load citation style 'gost-numeric'...
Package biblatex Info: ... file 'gost-numeric.cbx' found.

(C:\Users\F1mKo\AppData\Roaming\MiKTeX\tex/latex/biblatex-gost/cbx\gost-numeric
.cbx
File: gost-numeric.cbx 2020/10/28 v1.21 biblatex-gost styles
Package biblatex Info: Trying to load citation style 'numeric-comp'...
Package biblatex Info: ... file 'numeric-comp.cbx' found.
 ("D:\Program Files\Miktex 2.9\tex/latex/biblatex/cbx\numeric-comp.cbx"
File: numeric-comp.cbx 2020/08/23 v3.15a biblatex citation style (PK/MW)
\c@cbx@tempcnta=\count559
\c@cbx@tempcntb=\count560
\c@cbx@tempcntc=\count561
\c@cbx@tempcntd=\count562
Package biblatex Info: Redefining '\cite'.
Package biblatex Info: Redefining '\parencite'.
Package biblatex Info: Redefining '\footcite'.
Package biblatex Info: Redefining '\footcitetext'.
Package biblatex Info: Redefining '\smartcite'.
Package biblatex Info: Redefining '\supercite'.
Package biblatex Info: Redefining '\textcite'.
Package biblatex Info: Redefining '\textcites'.
Package biblatex Info: Redefining '\cites'.
Package biblatex Info: Redefining '\parencites'.
Package biblatex Info: Redefining '\smartcites'.
))
Package biblatex Info: Trying to load configuration file...
Package biblatex Info: ... file 'biblatex.cfg' found.

("D:\Program Files\Miktex 2.9\tex/latex/biblatex\biblatex.cfg"
File: biblatex.cfg 
))
\c@citenum=\count563
\c@citenum@totc=\count564
\c@citeauthorvak=\count565
\c@citeauthorvak@totc=\count566
\c@citeauthorscopus=\count567
\c@citeauthorscopus@totc=\count568
\c@citeauthorwos=\count569
\c@citeauthorwos@totc=\count570
\c@citeauthorother=\count571
\c@citeauthorother@totc=\count572
\c@citeauthorconf=\count573
\c@citeauthorconf@totc=\count574
\c@citeauthor=\count575
\c@citeauthor@totc=\count576
\c@citeauthorvakscopuswos=\count577
\c@citeauthorvakscopuswos@totc=\count578
\c@citeauthorscopuswos=\count579
\c@citeauthorscopuswos@totc=\count580
\c@citeregistered=\count581
\c@citeregistered@totc=\count582
\c@citeauthorpatent=\count583
\c@citeauthorpatent@totc=\count584
\c@citeauthorprogram=\count585
\c@citeauthorprogram@totc=\count586
\c@citeexternal=\count587
\c@citeexternal@totc=\count588
\c@bibitem=\count589
)
Package csquotes Info: Checking for multilingual support...
Package csquotes Info: ... found 'babel' package.
Package csquotes Info: Adjusting default style.
Package csquotes Info: Redefining alias 'default' -> 'russian'.
LaTeX Font Info:    Trying to load font information for T2A+ftx on input line 5
5.

("D:\Program Files\Miktex 2.9\tex/latex/pscyr\t2aftx.fd"
File: t2aftx.fd 2004/09/23 Fontinst v1.914 font definitions for T2A/ftx.
) (presentation.aux
(content/part1.aux) (content/part2.aux) (content/part3.aux)
(content/conclusion.aux))
\openout1 = `presentation.aux'.

LaTeX Font Info:    Checking defaults for OML/cmm/m/it on input line 55.
LaTeX Font Info:    ... okay on input line 55.
LaTeX Font Info:    Checking defaults for OMS/cmsy/m/n on input line 55.
LaTeX Font Info:    ... okay on input line 55.
LaTeX Font Info:    Checking defaults for OT1/cmr/m/n on input line 55.
LaTeX Font Info:    ... okay on input line 55.
LaTeX Font Info:    Checking defaults for T1/cmr/m/n on input line 55.
LaTeX Font Info:    ... okay on input line 55.
LaTeX Font Info:    Checking defaults for TS1/cmr/m/n on input line 55.
LaTeX Font Info:    ... okay on input line 55.
LaTeX Font Info:    Checking defaults for OMX/cmex/m/n on input line 55.
LaTeX Font Info:    ... okay on input line 55.
LaTeX Font Info:    Checking defaults for U/cmr/m/n on input line 55.
LaTeX Font Info:    ... okay on input line 55.
LaTeX Font Info:    Checking defaults for PD1/pdf/m/n on input line 55.
LaTeX Font Info:    ... okay on input line 55.
LaTeX Font Info:    Checking defaults for T2A/cmr/m/n on input line 55.
LaTeX Font Info:    Trying to load font information for T2A+cmr on input line 5
5.

(C:\Users\F1mKo\AppData\Roaming\MiKTeX\tex/latex/cyrillic\t2acmr.fd
File: t2acmr.fd 2001/08/11 v1.0a Computer Modern Cyrillic font definitions
)
LaTeX Font Info:    ... okay on input line 55.
LaTeX Font Info:    Checking defaults for PU/pdf/m/n on input line 55.
LaTeX Font Info:    ... okay on input line 55.

*geometry* driver: auto-detecting
*geometry* detected driver: pdftex
*geometry* verbose mode - [ preamble ] result:
* driver: pdftex
* paper: custom
* layout: <same size as paper>
* layoutoffset:(h,v)=(0.0pt,0.0pt)
* modes: includehead includefoot 
* h-part:(L,W,R)=(14.22636pt, 432.48181pt, 8.5359pt)
* v-part:(T,H,B)=(0.0pt, 256.0748pt, 0.0pt)
* \paperwidth=455.24408pt
* \paperheight=256.0748pt
* \textwidth=432.48181pt
* \textheight=227.62207pt
* \oddsidemargin=-58.04362pt
* \evensidemargin=-58.04362pt
* \topmargin=-72.26999pt
* \headheight=14.22636pt
* \headsep=0.0pt
* \topskip=11.0pt
* \footskip=14.22636pt
* \marginparwidth=4.0pt
* \marginparsep=10.0pt
* \columnsep=10.0pt
* \skip\footins=10.0pt plus 4.0pt minus 2.0pt
* \hoffset=0.0pt
* \voffset=0.0pt
* \mag=1000
* \@twocolumnfalse
* \@twosidefalse
* \@mparswitchfalse
* \@reversemarginfalse
* (1in=72.27pt=25.4mm, 1cm=28.453pt)

("D:\Program Files\Miktex 2.9\tex/context/base/mkii\supp-pdf.mkii"
[Loading MPS to PDF converter (version 2006.09.02).]
\scratchcounter=\count590
\scratchdimen=\dimen380
\scratchbox=\box130
\nofMPsegments=\count591
\nofMParguments=\count592
\everyMPshowfont=\toks66
\MPscratchCnt=\count593
\MPscratchDim=\dimen381
\MPnumerator=\count594
\makeMPintoPDFobject=\count595
\everyMPtoPDFconversion=\toks67
) ("D:\Program Files\Miktex 2.9\tex/latex/epstopdf-pkg\epstopdf-base.sty"
Package: epstopdf-base 2020-01-24 v2.11 Base part for package epstopdf

(C:\Users\F1mKo\AppData\Roaming\MiKTeX\tex/latex/grfext\grfext.sty
Package: grfext 2019/12/03 v1.3 Manage graphics extensions (HO)
)
Package epstopdf-base Info: Redefining graphics rule for `.eps' on input line 4
85.
Package grfext Info: Graphics extension search list:
(grfext)             [.pdf,.png,.jpg,.eps]
(grfext)             \AppendGraphicsExtensions on input line 504.
)
Package hyperref Info: Link coloring ON on input line 55.

("D:\Program Files\Miktex 2.9\tex/latex/hyperref\nameref.sty"
Package: nameref 2019/09/16 v2.46 Cross-referencing by name of section

(C:\Users\F1mKo\AppData\Roaming\MiKTeX\tex/latex/refcount\refcount.sty
Package: refcount 2019/12/15 v3.6 Data extraction from label references (HO)
)
(C:\Users\F1mKo\AppData\Roaming\MiKTeX\tex/generic/gettitlestring\gettitlestrin
g.sty
Package: gettitlestring 2019/12/15 v1.6 Cleanup title references (HO)
)
\c@section@level=\count596
)
LaTeX Info: Redefining \ref on input line 55.
LaTeX Info: Redefining \pageref on input line 55.
LaTeX Info: Redefining \nameref on input line 55.
 (presentation.out) (presentation.out)
\@outlinefile=\write7
\openout7 = `presentation.out'.

LaTeX Font Info:    Overwriting symbol font `operators' in version `normal'
(Font)                  OT1/cmr/m/n --> OT1/cmss/m/n on input line 55.
LaTeX Font Info:    Overwriting symbol font `operators' in version `bold'
(Font)                  OT1/cmr/bx/n --> OT1/cmss/b/n on input line 55.
\symnumbers=\mathgroup7
\sympureletters=\mathgroup8
LaTeX Font Info:    Overwriting math alphabet `\mathrm' in version `normal'
(Font)                  OT1/cmss/m/n --> T2A/ftm/m/n on input line 55.
LaTeX Font Info:    Redeclaring math alphabet \mathbf on input line 55.
LaTeX Font Info:    Overwriting math alphabet `\mathbf' in version `normal'
(Font)                  OT1/cmr/bx/n --> T2A/ftx/b/n on input line 55.
LaTeX Font Info:    Overwriting math alphabet `\mathbf' in version `bold'
(Font)                  OT1/cmr/bx/n --> T2A/ftx/b/n on input line 55.
LaTeX Font Info:    Redeclaring math alphabet \mathsf on input line 55.
LaTeX Font Info:    Overwriting math alphabet `\mathsf' in version `normal'
(Font)                  OT1/cmss/m/n --> T2A/ftx/m/n on input line 55.
LaTeX Font Info:    Overwriting math alphabet `\mathsf' in version `bold'
(Font)                  OT1/cmss/bx/n --> T2A/ftx/m/n on input line 55.
LaTeX Font Info:    Redeclaring math alphabet \mathit on input line 55.
LaTeX Font Info:    Overwriting math alphabet `\mathit' in version `normal'
(Font)                  OT1/cmr/m/it --> T2A/ftx/m/it on input line 55.
LaTeX Font Info:    Overwriting math alphabet `\mathit' in version `bold'
(Font)                  OT1/cmr/bx/it --> T2A/ftx/m/it on input line 55.
LaTeX Font Info:    Redeclaring math alphabet \mathtt on input line 55.
LaTeX Font Info:    Overwriting math alphabet `\mathtt' in version `normal'
(Font)                  OT1/cmtt/m/n --> T2A/fer/m/n on input line 55.
LaTeX Font Info:    Overwriting math alphabet `\mathtt' in version `bold'
(Font)                  OT1/cmtt/m/n --> T2A/fer/m/n on input line 55.
LaTeX Font Info:    Overwriting symbol font `numbers' in version `bold'
(Font)                  T2A/ftx/m/n --> T2A/ftx/b/n on input line 55.
LaTeX Font Info:    Overwriting symbol font `pureletters' in version `bold'
(Font)                  T2A/ftx/m/it --> T2A/ftx/b/it on input line 55.
LaTeX Font Info:    Overwriting math alphabet `\mathrm' in version `bold'
(Font)                  OT1/cmss/b/n --> T2A/ftm/b/n on input line 55.
LaTeX Font Info:    Overwriting math alphabet `\mathbf' in version `bold'
(Font)                  T2A/ftx/b/n --> T2A/ftx/b/n on input line 55.
LaTeX Font Info:    Overwriting math alphabet `\mathsf' in version `bold'
(Font)                  T2A/ftx/m/n --> T2A/ftx/b/n on input line 55.
LaTeX Font Info:    Overwriting math alphabet `\mathit' in version `bold'
(Font)                  T2A/ftx/m/it --> T2A/ftx/b/it on input line 55.
LaTeX Font Info:    Overwriting math alphabet `\mathtt' in version `bold'
(Font)                  T2A/fer/m/n --> T2A/fer/b/n on input line 55.

(C:\Users\F1mKo\AppData\Roaming\MiKTeX\tex/latex/translator\translator-basic-di
ctionary-English.dict
Dictionary: translator-basic-dictionary, Language: English 
)
(C:\Users\F1mKo\AppData\Roaming\MiKTeX\tex/latex/translator\translator-bibliogr
aphy-dictionary-English.dict
Dictionary: translator-bibliography-dictionary, Language: English 
)
(C:\Users\F1mKo\AppData\Roaming\MiKTeX\tex/latex/translator\translator-environm
ent-dictionary-English.dict
Dictionary: translator-environment-dictionary, Language: English 
)
(C:\Users\F1mKo\AppData\Roaming\MiKTeX\tex/latex/translator\translator-months-d
ictionary-English.dict
Dictionary: translator-months-dictionary, Language: English 
)
(C:\Users\F1mKo\AppData\Roaming\MiKTeX\tex/latex/translator\translator-numbers-
dictionary-English.dict
Dictionary: translator-numbers-dictionary, Language: English 
)
(C:\Users\F1mKo\AppData\Roaming\MiKTeX\tex/latex/translator\translator-theorem-
dictionary-English.dict
Dictionary: translator-theorem-dictionary, Language: English 
)
(C:\Users\F1mKo\AppData\Roaming\MiKTeX\tex/latex/siunitx\siunitx-abbreviations.
cfg
File: siunitx-abbreviations.cfg 2017/11/26 v2.7k siunitx: Abbreviated units
)
LaTeX Info: Redefining \th on input line 55.
Package caption Info: Begin \AtBeginDocument code.
Package caption Info: float package is loaded.
Package caption Info: listings package is loaded.
Package caption Info: End \AtBeginDocument code.
Package newfloat Info: `float' package detected.
 (C:\Users\F1mKo\AppData\Roaming\MiKTeX\tex/latex/pdflscape\pdflscape.sty
Package: pdflscape 2019/12/05 v0.12 Display of landscape pages in PDF (HO)

("D:\Program Files\Miktex 2.9\tex/latex/graphics\lscape.sty"
Package: lscape 2020/05/28 v3.02 Landscape Pages (DPC)
)
Package pdflscape Info: Auto-detected driver: pdftex on input line 81.
)
\c@lstlisting=\count597
Package biblatex Info: Trying to load language 'russian' -> 'russian-gost'...
Package biblatex Info: ... file 'russian-gost.lbx' found.

(C:\Users\F1mKo\AppData\Roaming\MiKTeX\tex/latex/biblatex-gost/lbx\russian-gost
.lbx
File: russian-gost.lbx 2020/10/28 v1.21 biblatex-gost styles
Package biblatex Info: Trying to load language 'russian'...
Package biblatex Info: ... file 'russian.lbx' found.
 ("D:\Program Files\Miktex 2.9\tex/latex/biblatex/lbx\russian.lbx"
File: russian.lbx 2020/08/23 v3.15a biblatex localization (PK/MW)
)
Package biblatex Info: Trying to load language 'russian'...
Package biblatex Info: ... file 'russian.lbx' found.

("D:\Program Files\Miktex 2.9\tex/latex/biblatex/lbx\russian.lbx"
File: russian.lbx 2020/08/23 v3.15a biblatex localization (PK/MW)
))
Package biblatex Info: Trying to load language 'english' -> 'english-gost'...
Package biblatex Info: ... file 'english-gost.lbx' found.

(C:\Users\F1mKo\AppData\Roaming\MiKTeX\tex/latex/biblatex-gost/lbx\english-gost
.lbx
File: english-gost.lbx 2020/10/28 v1.21 biblatex-gost styles
Package biblatex Info: Trying to load language 'english'...
Package biblatex Info: ... file 'english.lbx' found.
 ("D:\Program Files\Miktex 2.9\tex/latex/biblatex/lbx\english.lbx"
File: english.lbx 2020/08/23 v3.15a biblatex localization (PK/MW)
)
Package biblatex Info: Trying to load language 'english'...
Package biblatex Info: ... file 'english.lbx' found.

("D:\Program Files\Miktex 2.9\tex/latex/biblatex/lbx\english.lbx"
File: english.lbx 2020/08/23 v3.15a biblatex localization (PK/MW)
))
Package biblatex Info: Input encoding 'utf8' detected.
Package biblatex Info: Data encoding 'utf8' specified.
(biblatex)             No need to reencode data.
\openout6 = `presentation.bcf'.

Package biblatex Info: Trying to load bibliographic data...
Package biblatex Info: ... file 'presentation.bbl' found.

(presentation.bbl)
Package biblatex Info: Reference section=0 on input line 55.
Package biblatex Info: Reference segment=0 on input line 55.
 (presentation.nav)<<ot1.cmap>><<oml.cmap>><<oms.cmap>><<omx.cmap>>
LaTeX Font Info:    Trying to load font information for U+msa on input line 55.

 ("D:\Program Files\Miktex 2.9\tex/latex/amsfonts\umsa.fd"
File: umsa.fd 2013/01/14 v3.01 AMS symbols A
)
LaTeX Font Info:    Trying to load font information for U+msb on input line 55.


("D:\Program Files\Miktex 2.9\tex/latex/amsfonts\umsb.fd"
File: umsb.fd 2013/01/14 v3.01 AMS symbols B
)
LaTeX Font Info:    Trying to load font information for U+esint on input line 5
5.

(C:\Users\F1mKo\AppData\Roaming\MiKTeX\tex/latex/esint\uesint.fd
File: uesint.fd 
)
LaTeX Font Info:    Trying to load font information for T2A+fer on input line 5
5.

("D:\Program Files\Miktex 2.9\tex/latex/pscyr\t2afer.fd"
File: t2afer.fd 2004/09/21 Fontinst v1.914 font definitions for T2A/fer.
) (content/renames.tex)
Overfull \vbox (22.95172pt too high) detected at line 64
 []

<images//logo_eng.pdf, id=53, 501.875pt x 156.49466pt>
File: images//logo_eng.pdf Graphic file (type pdf)
<use images//logo_eng.pdf>
Package pdftex.def Info: images//logo_eng.pdf  used on input line 64.
(pdftex.def)             Requested size: 155.57964pt x 48.51283pt.
<images//pmpu_logo.png, id=54, 156.585pt x 208.78pt>
File: images//pmpu_logo.png Graphic file (type png)
<use images//pmpu_logo.png>
Package pdftex.def Info: images//pmpu_logo.png  used on input line 64.
(pdftex.def)             Requested size: 18.78938pt x 25.0525pt.
<images//spbu_gerb.png, id=56, 113.9457pt x 142.3719pt>
File: images//spbu_gerb.png Graphic file (type png)
<use images//spbu_gerb.png>
Package pdftex.def Info: images//spbu_gerb.png  used on input line 64.
(pdftex.def)             Requested size: 284.86351pt x 249.23134pt.
[1.1

{C:/Users/F1mKo/AppData/Local/MiKTeX/pdftex/config/pdftex.map} <./images//spbu_
gerb.png> <./images//logo_eng.pdf> <./images//pmpu_logo.png>]
\openout2 = `content/part1.aux'.


(content/part1.tex
File: images//logo_eng.pdf Graphic file (type pdf)
<use images//logo_eng.pdf>
Package pdftex.def Info: images//logo_eng.pdf  used on input line 4.
(pdftex.def)             Requested size: 114.42561pt x 35.68019pt.
LaTeX Font Info:    Trying to load font information for U+fontawesomefree1 on i
nput line 4.

(C:\Users\F1mKo\AppData\Roaming\MiKTeX\tex/latex/fontawesome5\ufontawesomefree1
.fd)
LaTeX Font Info:    Trying to load font information for U+fontawesomebrands1 on
 input line 4.

(C:\Users\F1mKo\AppData\Roaming\MiKTeX\tex/latex/fontawesome5\ufontawesomebrand
s1.fd)
LaTeX Font Info:    Font shape `U/fontawesomebrands1/solid/n' in size <6> not a
vailable
(Font)              Font shape `U/fontawesomebrands1/regular/n' tried instead o
n input line 4.
File: images//pmpu_logo.png Graphic file (type png)
<use images//pmpu_logo.png>
Package pdftex.def Info: images//pmpu_logo.png  used on input line 4.
(pdftex.def)             Requested size: 14.09204pt x 18.78938pt.
 [2.2


]
File: images//logo_eng.pdf Graphic file (type pdf)
<use images//logo_eng.pdf>
Package pdftex.def Info: images//logo_eng.pdf  used on input line 16.
(pdftex.def)             Requested size: 114.42561pt x 35.68019pt.
File: images//pmpu_logo.png Graphic file (type png)
<use images//pmpu_logo.png>
Package pdftex.def Info: images//pmpu_logo.png  used on input line 16.
(pdftex.def)             Requested size: 14.09204pt x 18.78938pt.
 [3.3

]
LaTeX Font Info:    Font shape `T2A/ftx/b/n' in size <9> not available
(Font)              Font shape `T2A/ftx/bx/n' tried instead on input line 25.
File: images//logo_eng.pdf Graphic file (type pdf)
<use images//logo_eng.pdf>
Package pdftex.def Info: images//logo_eng.pdf  used on input line 25.
(pdftex.def)             Requested size: 114.42561pt x 35.68019pt.
File: images//pmpu_logo.png Graphic file (type png)
<use images//pmpu_logo.png>
Package pdftex.def Info: images//pmpu_logo.png  used on input line 25.
(pdftex.def)             Requested size: 14.09204pt x 18.78938pt.
 [4.4

])
\openout2 = `content/part2.aux'.

 (content/part2.tex)
\openout2 = `content/part3.aux'.

 (content/part3.tex)
\openout2 = `content/conclusion.aux'.


(content/conclusion.tex
File: images//logo_eng.pdf Graphic file (type pdf)
<use images//logo_eng.pdf>
Package pdftex.def Info: images//logo_eng.pdf  used on input line 3.
(pdftex.def)             Requested size: 114.42561pt x 35.68019pt.
File: images//pmpu_logo.png Graphic file (type png)
<use images//pmpu_logo.png>
Package pdftex.def Info: images//pmpu_logo.png  used on input line 3.
(pdftex.def)             Requested size: 14.09204pt x 18.78938pt.
 [5.5










]
File: images//logo_eng.pdf Graphic file (type pdf)
<use images//logo_eng.pdf>
Package pdftex.def Info: images//logo_eng.pdf  used on input line 7.
(pdftex.def)             Requested size: 114.42561pt x 35.68019pt.
File: images//pmpu_logo.png Graphic file (type png)
<use images//pmpu_logo.png>
Package pdftex.def Info: images//pmpu_logo.png  used on input line 7.
(pdftex.def)             Requested size: 14.09204pt x 18.78938pt.
 [6.6

]
LaTeX Font Info:    Font shape `T2A/ftx/b/n' in size <8> not available
(Font)              Font shape `T2A/ftx/bx/n' tried instead on input line 29.
LaTeX Font Info:    Trying to load font information for T1+ftx on input line 29
.

("D:\Program Files\Miktex 2.9\tex/latex/pscyr\t1ftx.fd"
File: t1ftx.fd 2004/03/22 Fontinst v1.914 font definitions for T1/ftx.
)<<t1.cmap>>
(content/renames.tex) (content/renames.tex) (content/renames.tex)
(content/renames.tex) (content/renames.tex) (content/renames.tex)
(content/renames.tex) (content/renames.tex) (content/renames.tex)
(content/renames.tex) (content/renames.tex) (content/renames.tex)
(content/renames.tex) (content/renames.tex) (content/renames.tex)
(content/renames.tex)
File: images//logo_eng.pdf Graphic file (type pdf)
<use images//logo_eng.pdf>
Package pdftex.def Info: images//logo_eng.pdf  used on input line 29.
(pdftex.def)             Requested size: 114.42561pt x 35.68019pt.
File: images//pmpu_logo.png Graphic file (type png)
<use images//pmpu_logo.png>
Package pdftex.def Info: images//pmpu_logo.png  used on input line 29.
(pdftex.def)             Requested size: 14.09204pt x 18.78938pt.
 [7.7

]
File: images//logo_eng.pdf Graphic file (type pdf)
<use images//logo_eng.pdf>
Package pdftex.def Info: images//logo_eng.pdf  used on input line 47.
(pdftex.def)             Requested size: 114.42561pt x 35.68019pt.
File: images//pmpu_logo.png Graphic file (type png)
<use images//pmpu_logo.png>
Package pdftex.def Info: images//pmpu_logo.png  used on input line 47.
(pdftex.def)             Requested size: 14.09204pt x 18.78938pt.
 [8.8

])
\tf@nav=\write8
\openout8 = `presentation.nav'.

\tf@toc=\write9
\openout9 = `presentation.toc'.

\tf@snm=\write10
\openout10 = `presentation.snm'.

 (presentation.aux (content/renames.tex)
(content/part1.aux) (content/part2.aux) (content/part3.aux)
(content/conclusion.aux (content/renames.tex) (content/renames.tex)
(content/renames.tex) (content/renames.tex) (content/renames.tex)
(content/renames.tex) (content/renames.tex) (content/renames.tex)
(content/renames.tex) (content/renames.tex) (content/renames.tex)
(content/renames.tex) (content/renames.tex) (content/renames.tex)
(content/renames.tex) (content/renames.tex)))
Package rerunfilecheck Info: File `presentation.out' has not changed.
(rerunfilecheck)             Checksum: 280ECFDDA3EDD62EEECA4B4035516D89;464.
Package logreq Info: Writing requests to 'presentation.run.xml'.
\openout1 = `presentation.run.xml'.

 ) 
Here is how much of TeX's memory you used:
 49021 strings out of 479799
 988858 string characters out of 2877683
 1962651 words of memory out of 3000000
 64861 multiletter control sequences out of 15000+200000
 560647 words of font info for 77 fonts, out of 3000000 for 9000
 1141 hyphenation exceptions out of 8191
 125i,15n,126p,747b,3849s stack positions out of 5000i,500n,10000p,200000b,50000s
{C:/Users/F1mKo/AppData/Roaming/MiKTeX/fonts/enc/dvips/t2/t2a.enc}{C:/Users/F
1mKo/AppData/Roaming/MiKTeX/fonts/enc/dvips/fontawesome5/fa5brands1.enc}{C:/Use
rs/F1mKo/AppData/Roaming/MiKTeX/fonts/enc/dvips/fontawesome5/fa5free1.enc}<C:/U
sers/F1mKo/AppData/Roaming/MiKTeX/fonts/type1/public/fontawesome5/FontAwesome5B
rands-Regular.pfb><C:/Users/F1mKo/AppData/Roaming/MiKTeX/fonts/type1/public/fon
tawesome5/FontAwesome5Free-Regular.pfb><D:/Program Files/Miktex 2.9/fonts/type1
/public/pscyr/textb18.pfb><D:/Program Files/Miktex 2.9/fonts/type1/public/pscyr
/textb19.pfb><D:/Program Files/Miktex 2.9/fonts/type1/public/pscyr/textb20.pfb>

Output written on presentation.pdf (8 pages, 1808889 bytes).
PDF statistics:
 247 PDF objects out of 1000 (max. 8388607)
 29 named destinations out of 1000 (max. 500000)
 208 words of extra memory for PDF output out of 10000 (max. 10000000)

